running egg_info
writing ../../build/turtle/turtle.egg-info/PKG-INFO
writing dependency_links to ../../build/turtle/turtle.egg-info/dependency_links.txt
writing entry points to ../../build/turtle/turtle.egg-info/entry_points.txt
writing requirements to ../../build/turtle/turtle.egg-info/requires.txt
writing top-level names to ../../build/turtle/turtle.egg-info/top_level.txt
reading manifest file '../../build/turtle/turtle.egg-info/SOURCES.txt'
writing manifest file '../../build/turtle/turtle.egg-info/SOURCES.txt'
running build
running build_py
copying turtle/turtle_controller.py -> /root/ros2_ws/build/turtle/build/lib/turtle
running install
running install_lib
copying /root/ros2_ws/build/turtle/build/lib/turtle/turtle_controller.py -> /root/ros2_ws/install/turtle/lib/python3.10/site-packages/turtle
byte-compiling /root/ros2_ws/install/turtle/lib/python3.10/site-packages/turtle/turtle_controller.py to turtle_controller.cpython-310.pyc
running install_data
running install_egg_info
removing '/root/ros2_ws/install/turtle/lib/python3.10/site-packages/turtle-0.0.0-py3.10.egg-info' (and everything under it)
Copying ../../build/turtle/turtle.egg-info to /root/ros2_ws/install/turtle/lib/python3.10/site-packages/turtle-0.0.0-py3.10.egg-info
running install_scripts
Installing turtle_node script to /root/ros2_ws/install/turtle/lib/turtle
writing list of installed files to '/root/ros2_ws/build/turtle/install.log'
