[1.329s] Invoking command in '/root/ros2_ws/src/turtle': PYTHONPATH=/root/ros2_ws/build/turtle/prefix_override:/root/ros2_ws/install/turtle/lib/python3.10/site-packages:${PYTHONPATH} /usr/bin/python3 -W ignore:setup.py install is deprecated setup.py egg_info --egg-base ../../build/turtle build --build-base /root/ros2_ws/build/turtle/build install --record /root/ros2_ws/build/turtle/install.log --single-version-externally-managed install_data
[2.201s] running egg_info
[2.205s] writing ../../build/turtle/turtle.egg-info/PKG-INFO
[2.205s] writing dependency_links to ../../build/turtle/turtle.egg-info/dependency_links.txt
[2.206s] writing entry points to ../../build/turtle/turtle.egg-info/entry_points.txt
[2.207s] writing requirements to ../../build/turtle/turtle.egg-info/requires.txt
[2.207s] writing top-level names to ../../build/turtle/turtle.egg-info/top_level.txt
[2.210s] reading manifest file '../../build/turtle/turtle.egg-info/SOURCES.txt'
[2.213s] writing manifest file '../../build/turtle/turtle.egg-info/SOURCES.txt'
[2.215s] running build
[2.216s] running build_py
[2.217s] copying turtle/turtle_node.py -> /root/ros2_ws/build/turtle/build/lib/turtle
[2.217s] running install
[2.223s] running install_lib
[2.225s] copying /root/ros2_ws/build/turtle/build/lib/turtle/turtle_node.py -> /root/ros2_ws/install/turtle/lib/python3.10/site-packages/turtle
[2.226s] byte-compiling /root/ros2_ws/install/turtle/lib/python3.10/site-packages/turtle/turtle_node.py to turtle_node.cpython-310.pyc
[2.235s] running install_data
[2.236s] running install_egg_info
[2.240s] removing '/root/ros2_ws/install/turtle/lib/python3.10/site-packages/turtle-0.0.0-py3.10.egg-info' (and everything under it)
[2.241s] Copying ../../build/turtle/turtle.egg-info to /root/ros2_ws/install/turtle/lib/python3.10/site-packages/turtle-0.0.0-py3.10.egg-info
[2.246s] running install_scripts
[2.310s] Installing turtle_node script to /root/ros2_ws/install/turtle/lib/turtle
[2.317s] writing list of installed files to '/root/ros2_ws/build/turtle/install.log'
[2.430s] Invoked command in '/root/ros2_ws/src/turtle' returned '0': PYTHONPATH=/root/ros2_ws/build/turtle/prefix_override:/root/ros2_ws/install/turtle/lib/python3.10/site-packages:${PYTHONPATH} /usr/bin/python3 -W ignore:setup.py install is deprecated setup.py egg_info --egg-base ../../build/turtle build --build-base /root/ros2_ws/build/turtle/build install --record /root/ros2_ws/build/turtle/install.log --single-version-externally-managed install_data
