[5.797s] Invoking command in '/root/ros2_ws/src/turtle': PYTHONPATH=/root/ros2_ws/build/turtle/prefix_override:/root/ros2_ws/install/turtle/lib/python3.10/site-packages:${PYTHONPATH} /usr/bin/python3 -W ignore:setup.py install is deprecated setup.py egg_info --egg-base ../../build/turtle build --build-base /root/ros2_ws/build/turtle/build install --record /root/ros2_ws/build/turtle/install.log --single-version-externally-managed install_data
[8.410s] running egg_info
[8.423s] writing ../../build/turtle/turtle.egg-info/PKG-INFO
[8.424s] writing dependency_links to ../../build/turtle/turtle.egg-info/dependency_links.txt
[8.449s] writing entry points to ../../build/turtle/turtle.egg-info/entry_points.txt
[8.450s] writing requirements to ../../build/turtle/turtle.egg-info/requires.txt
[8.451s] writing top-level names to ../../build/turtle/turtle.egg-info/top_level.txt
[8.464s] reading manifest file '../../build/turtle/turtle.egg-info/SOURCES.txt'
[8.476s] writing manifest file '../../build/turtle/turtle.egg-info/SOURCES.txt'
[8.477s] running build
[8.478s] running build_py
[8.478s] copying turtle/turtle_node.py -> /root/ros2_ws/build/turtle/build/lib/turtle
[8.480s] running install
[8.492s] running install_lib
[8.505s] copying /root/ros2_ws/build/turtle/build/lib/turtle/turtle_node.py -> /root/ros2_ws/install/turtle/lib/python3.10/site-packages/turtle
[8.510s] byte-compiling /root/ros2_ws/install/turtle/lib/python3.10/site-packages/turtle/turtle_node.py to turtle_node.cpython-310.pyc
[8.530s] running install_data
[8.531s] running install_egg_info
[8.548s] removing '/root/ros2_ws/install/turtle/lib/python3.10/site-packages/turtle-0.0.0-py3.10.egg-info' (and everything under it)
[8.550s] Copying ../../build/turtle/turtle.egg-info to /root/ros2_ws/install/turtle/lib/python3.10/site-packages/turtle-0.0.0-py3.10.egg-info
[8.568s] running install_scripts
[8.828s] Installing turtle_node script to /root/ros2_ws/install/turtle/lib/turtle
[8.830s] writing list of installed files to '/root/ros2_ws/build/turtle/install.log'
[9.069s] Invoked command in '/root/ros2_ws/src/turtle' returned '0': PYTHONPATH=/root/ros2_ws/build/turtle/prefix_override:/root/ros2_ws/install/turtle/lib/python3.10/site-packages:${PYTHONPATH} /usr/bin/python3 -W ignore:setup.py install is deprecated setup.py egg_info --egg-base ../../build/turtle build --build-base /root/ros2_ws/build/turtle/build install --record /root/ros2_ws/build/turtle/install.log --single-version-externally-managed install_data
