[2.072s] Invoking command in '/root/ros2_ws/src/turtle': PYTHONPATH=/root/ros2_ws/build/turtle/prefix_override:/root/ros2_ws/install/turtle/lib/python3.10/site-packages:${PYTHONPATH} /usr/bin/python3 -W ignore:setup.py install is deprecated setup.py egg_info --egg-base ../../build/turtle build --build-base /root/ros2_ws/build/turtle/build install --record /root/ros2_ws/build/turtle/install.log --single-version-externally-managed install_data
[3.215s] running egg_info
[3.217s] writing ../../build/turtle/turtle.egg-info/PKG-INFO
[3.218s] writing dependency_links to ../../build/turtle/turtle.egg-info/dependency_links.txt
[3.218s] writing entry points to ../../build/turtle/turtle.egg-info/entry_points.txt
[3.219s] writing requirements to ../../build/turtle/turtle.egg-info/requires.txt
[3.219s] writing top-level names to ../../build/turtle/turtle.egg-info/top_level.txt
[3.230s] reading manifest file '../../build/turtle/turtle.egg-info/SOURCES.txt'
[3.233s] writing manifest file '../../build/turtle/turtle.egg-info/SOURCES.txt'
[3.234s] running build
[3.234s] running build_py
[3.234s] copying turtle/turtle_node.py -> /root/ros2_ws/build/turtle/build/lib/turtle
[3.235s] running install
[3.236s] running install_lib
[3.239s] copying /root/ros2_ws/build/turtle/build/lib/turtle/turtle_node.py -> /root/ros2_ws/install/turtle/lib/python3.10/site-packages/turtle
[3.246s] byte-compiling /root/ros2_ws/install/turtle/lib/python3.10/site-packages/turtle/turtle_node.py to turtle_node.cpython-310.pyc
[3.252s] running install_data
[3.253s] running install_egg_info
[3.262s] removing '/root/ros2_ws/install/turtle/lib/python3.10/site-packages/turtle-0.0.0-py3.10.egg-info' (and everything under it)
[3.269s] Copying ../../build/turtle/turtle.egg-info to /root/ros2_ws/install/turtle/lib/python3.10/site-packages/turtle-0.0.0-py3.10.egg-info
[3.270s] running install_scripts
[3.357s] Installing turtle_node script to /root/ros2_ws/install/turtle/lib/turtle
[3.358s] writing list of installed files to '/root/ros2_ws/build/turtle/install.log'
[3.465s] Invoked command in '/root/ros2_ws/src/turtle' returned '0': PYTHONPATH=/root/ros2_ws/build/turtle/prefix_override:/root/ros2_ws/install/turtle/lib/python3.10/site-packages:${PYTHONPATH} /usr/bin/python3 -W ignore:setup.py install is deprecated setup.py egg_info --egg-base ../../build/turtle build --build-base /root/ros2_ws/build/turtle/build install --record /root/ros2_ws/build/turtle/install.log --single-version-externally-managed install_data
