[3.539s] Invoking command in '/root/ros2_ws/src/turtle': PYTHONPATH=/root/ros2_ws/build/turtle/prefix_override:/root/ros2_ws/install/turtle/lib/python3.10/site-packages:${PYTHONPATH} /usr/bin/python3 -W ignore:setup.py install is deprecated setup.py egg_info --egg-base ../../build/turtle build --build-base /root/ros2_ws/build/turtle/build install --record /root/ros2_ws/build/turtle/install.log --single-version-externally-managed install_data
[4.833s] running egg_info
[4.836s] writing ../../build/turtle/turtle.egg-info/PKG-INFO
[4.837s] writing dependency_links to ../../build/turtle/turtle.egg-info/dependency_links.txt
[4.838s] writing entry points to ../../build/turtle/turtle.egg-info/entry_points.txt
[4.839s] writing requirements to ../../build/turtle/turtle.egg-info/requires.txt
[4.840s] writing top-level names to ../../build/turtle/turtle.egg-info/top_level.txt
[4.844s] reading manifest file '../../build/turtle/turtle.egg-info/SOURCES.txt'
[4.846s] writing manifest file '../../build/turtle/turtle.egg-info/SOURCES.txt'
[4.847s] running build
[4.847s] running build_py
[4.848s] copying turtle/turtle_node.py -> /root/ros2_ws/build/turtle/build/lib/turtle
[4.849s] running install
[4.850s] running install_lib
[4.854s] copying /root/ros2_ws/build/turtle/build/lib/turtle/turtle_node.py -> /root/ros2_ws/install/turtle/lib/python3.10/site-packages/turtle
[4.856s] byte-compiling /root/ros2_ws/install/turtle/lib/python3.10/site-packages/turtle/turtle_node.py to turtle_node.cpython-310.pyc
[4.862s] running install_data
[4.863s] running install_egg_info
[4.868s] removing '/root/ros2_ws/install/turtle/lib/python3.10/site-packages/turtle-0.0.0-py3.10.egg-info' (and everything under it)
[4.869s] Copying ../../build/turtle/turtle.egg-info to /root/ros2_ws/install/turtle/lib/python3.10/site-packages/turtle-0.0.0-py3.10.egg-info
[4.899s] running install_scripts
[5.039s] Installing turtle_node script to /root/ros2_ws/install/turtle/lib/turtle
[5.042s] writing list of installed files to '/root/ros2_ws/build/turtle/install.log'
[5.165s] Invoked command in '/root/ros2_ws/src/turtle' returned '0': PYTHONPATH=/root/ros2_ws/build/turtle/prefix_override:/root/ros2_ws/install/turtle/lib/python3.10/site-packages:${PYTHONPATH} /usr/bin/python3 -W ignore:setup.py install is deprecated setup.py egg_info --egg-base ../../build/turtle build --build-base /root/ros2_ws/build/turtle/build install --record /root/ros2_ws/build/turtle/install.log --single-version-externally-managed install_data
