[1.070s] Invoking command in '/root/ros2_ws/src/turtle': PYTHONPATH=/root/ros2_ws/build/turtle/prefix_override:/root/ros2_ws/install/turtle/lib/python3.10/site-packages:${PYTHONPATH} /usr/bin/python3 -W ignore:setup.py install is deprecated setup.py egg_info --egg-base ../../build/turtle build --build-base /root/ros2_ws/build/turtle/build install --record /root/ros2_ws/build/turtle/install.log --single-version-externally-managed install_data
[1.407s] running egg_info
[1.408s] writing ../../build/turtle/turtle.egg-info/PKG-INFO
[1.408s] writing dependency_links to ../../build/turtle/turtle.egg-info/dependency_links.txt
[1.408s] writing entry points to ../../build/turtle/turtle.egg-info/entry_points.txt
[1.409s] writing requirements to ../../build/turtle/turtle.egg-info/requires.txt
[1.409s] writing top-level names to ../../build/turtle/turtle.egg-info/top_level.txt
[1.411s] reading manifest file '../../build/turtle/turtle.egg-info/SOURCES.txt'
[1.412s] writing manifest file '../../build/turtle/turtle.egg-info/SOURCES.txt'
[1.412s] running build
[1.413s] running build_py
[1.413s] running install
[1.413s] running install_lib
[1.416s] running install_data
[1.416s] running install_egg_info
[1.419s] removing '/root/ros2_ws/install/turtle/lib/python3.10/site-packages/turtle-0.0.0-py3.10.egg-info' (and everything under it)
[1.419s] Copying ../../build/turtle/turtle.egg-info to /root/ros2_ws/install/turtle/lib/python3.10/site-packages/turtle-0.0.0-py3.10.egg-info
[1.421s] running install_scripts
[1.454s] Installing turtle_node script to /root/ros2_ws/install/turtle/lib/turtle
[1.455s] writing list of installed files to '/root/ros2_ws/build/turtle/install.log'
[1.483s] Invoked command in '/root/ros2_ws/src/turtle' returned '0': PYTHONPATH=/root/ros2_ws/build/turtle/prefix_override:/root/ros2_ws/install/turtle/lib/python3.10/site-packages:${PYTHONPATH} /usr/bin/python3 -W ignore:setup.py install is deprecated setup.py egg_info --egg-base ../../build/turtle build --build-base /root/ros2_ws/build/turtle/build install --record /root/ros2_ws/build/turtle/install.log --single-version-externally-managed install_data
