[3.641s] Invoking command in '/root/ros2_ws/src/turtle': PYTHONPATH=/root/ros2_ws/build/turtle/prefix_override:/root/ros2_ws/install/turtle/lib/python3.10/site-packages:${PYTHONPATH} /usr/bin/python3 -W ignore:setup.py install is deprecated setup.py egg_info --egg-base ../../build/turtle build --build-base /root/ros2_ws/build/turtle/build install --record /root/ros2_ws/build/turtle/install.log --single-version-externally-managed install_data
[5.810s] running egg_info
[5.813s] writing ../../build/turtle/turtle.egg-info/PKG-INFO
[5.815s] writing dependency_links to ../../build/turtle/turtle.egg-info/dependency_links.txt
[5.816s] writing entry points to ../../build/turtle/turtle.egg-info/entry_points.txt
[5.816s] writing requirements to ../../build/turtle/turtle.egg-info/requires.txt
[5.819s] writing top-level names to ../../build/turtle/turtle.egg-info/top_level.txt
[5.827s] reading manifest file '../../build/turtle/turtle.egg-info/SOURCES.txt'
[5.835s] writing manifest file '../../build/turtle/turtle.egg-info/SOURCES.txt'
[5.838s] running build
[5.838s] running build_py
[5.839s] copying turtle/turtle_node.py -> /root/ros2_ws/build/turtle/build/lib/turtle
[5.840s] running install
[5.842s] running install_lib
[5.846s] copying /root/ros2_ws/build/turtle/build/lib/turtle/turtle_node.py -> /root/ros2_ws/install/turtle/lib/python3.10/site-packages/turtle
[5.851s] byte-compiling /root/ros2_ws/install/turtle/lib/python3.10/site-packages/turtle/turtle_node.py to turtle_node.cpython-310.pyc
[5.859s] running install_data
[5.859s] running install_egg_info
[5.866s] removing '/root/ros2_ws/install/turtle/lib/python3.10/site-packages/turtle-0.0.0-py3.10.egg-info' (and everything under it)
[5.867s] Copying ../../build/turtle/turtle.egg-info to /root/ros2_ws/install/turtle/lib/python3.10/site-packages/turtle-0.0.0-py3.10.egg-info
[5.879s] running install_scripts
[6.062s] Installing turtle_node script to /root/ros2_ws/install/turtle/lib/turtle
[6.063s] writing list of installed files to '/root/ros2_ws/build/turtle/install.log'
[6.236s] Invoked command in '/root/ros2_ws/src/turtle' returned '0': PYTHONPATH=/root/ros2_ws/build/turtle/prefix_override:/root/ros2_ws/install/turtle/lib/python3.10/site-packages:${PYTHONPATH} /usr/bin/python3 -W ignore:setup.py install is deprecated setup.py egg_info --egg-base ../../build/turtle build --build-base /root/ros2_ws/build/turtle/build install --record /root/ros2_ws/build/turtle/install.log --single-version-externally-managed install_data
