[1.424s] Invoking command in '/root/ros2_ws/src/turtle': PYTHONPATH=/root/ros2_ws/build/turtle/prefix_override:/root/ros2_ws/install/turtle/lib/python3.10/site-packages:${PYTHONPATH} /usr/bin/python3 -W ignore:setup.py install is deprecated setup.py egg_info --egg-base ../../build/turtle build --build-base /root/ros2_ws/build/turtle/build install --record /root/ros2_ws/build/turtle/install.log --single-version-externally-managed install_data
[1.981s] running egg_info
[1.982s] writing ../../build/turtle/turtle.egg-info/PKG-INFO
[1.983s] writing dependency_links to ../../build/turtle/turtle.egg-info/dependency_links.txt
[1.983s] writing entry points to ../../build/turtle/turtle.egg-info/entry_points.txt
[1.984s] writing requirements to ../../build/turtle/turtle.egg-info/requires.txt
[1.984s] writing top-level names to ../../build/turtle/turtle.egg-info/top_level.txt
[1.989s] reading manifest file '../../build/turtle/turtle.egg-info/SOURCES.txt'
[1.991s] writing manifest file '../../build/turtle/turtle.egg-info/SOURCES.txt'
[1.992s] running build
[1.992s] running build_py
[1.992s] copying turtle/turtle_node.py -> /root/ros2_ws/build/turtle/build/lib/turtle
[1.992s] running install
[1.993s] running install_lib
[1.994s] copying /root/ros2_ws/build/turtle/build/lib/turtle/turtle_node.py -> /root/ros2_ws/install/turtle/lib/python3.10/site-packages/turtle
[1.996s] byte-compiling /root/ros2_ws/install/turtle/lib/python3.10/site-packages/turtle/turtle_node.py to turtle_node.cpython-310.pyc
[2.000s] running install_data
[2.001s] running install_egg_info
[2.004s] removing '/root/ros2_ws/install/turtle/lib/python3.10/site-packages/turtle-0.0.0-py3.10.egg-info' (and everything under it)
[2.004s] Copying ../../build/turtle/turtle.egg-info to /root/ros2_ws/install/turtle/lib/python3.10/site-packages/turtle-0.0.0-py3.10.egg-info
[2.007s] running install_scripts
[2.052s] Installing turtle_node script to /root/ros2_ws/install/turtle/lib/turtle
[2.053s] writing list of installed files to '/root/ros2_ws/build/turtle/install.log'
[2.099s] Invoked command in '/root/ros2_ws/src/turtle' returned '0': PYTHONPATH=/root/ros2_ws/build/turtle/prefix_override:/root/ros2_ws/install/turtle/lib/python3.10/site-packages:${PYTHONPATH} /usr/bin/python3 -W ignore:setup.py install is deprecated setup.py egg_info --egg-base ../../build/turtle build --build-base /root/ros2_ws/build/turtle/build install --record /root/ros2_ws/build/turtle/install.log --single-version-externally-managed install_data
