[5.339s] Invoking command in '/root/ros2_ws/src/turtle': PYTHONPATH=/root/ros2_ws/build/turtle/prefix_override:/root/ros2_ws/install/turtle/lib/python3.10/site-packages:${PYTHONPATH} /usr/bin/python3 -W ignore:setup.py install is deprecated setup.py egg_info --egg-base ../../build/turtle build --build-base /root/ros2_ws/build/turtle/build install --record /root/ros2_ws/build/turtle/install.log --single-version-externally-managed install_data
[7.977s] running egg_info
[7.987s] writing ../../build/turtle/turtle.egg-info/PKG-INFO
[8.030s] writing dependency_links to ../../build/turtle/turtle.egg-info/dependency_links.txt
[8.036s] writing entry points to ../../build/turtle/turtle.egg-info/entry_points.txt
[8.042s] writing requirements to ../../build/turtle/turtle.egg-info/requires.txt
[8.047s] writing top-level names to ../../build/turtle/turtle.egg-info/top_level.txt
[8.065s] reading manifest file '../../build/turtle/turtle.egg-info/SOURCES.txt'
[8.070s] writing manifest file '../../build/turtle/turtle.egg-info/SOURCES.txt'
[8.071s] running build
[8.072s] running build_py
[8.075s] copying turtle/turtle_node.py -> /root/ros2_ws/build/turtle/build/lib/turtle
[8.100s] running install
[8.102s] running install_lib
[8.117s] copying /root/ros2_ws/build/turtle/build/lib/turtle/turtle_node.py -> /root/ros2_ws/install/turtle/lib/python3.10/site-packages/turtle
[8.121s] byte-compiling /root/ros2_ws/install/turtle/lib/python3.10/site-packages/turtle/turtle_node.py to turtle_node.cpython-310.pyc
[8.137s] running install_data
[8.139s] running install_egg_info
[8.148s] removing '/root/ros2_ws/install/turtle/lib/python3.10/site-packages/turtle-0.0.0-py3.10.egg-info' (and everything under it)
[8.155s] Copying ../../build/turtle/turtle.egg-info to /root/ros2_ws/install/turtle/lib/python3.10/site-packages/turtle-0.0.0-py3.10.egg-info
[8.165s] running install_scripts
[8.363s] Installing turtle_node script to /root/ros2_ws/install/turtle/lib/turtle
[8.367s] writing list of installed files to '/root/ros2_ws/build/turtle/install.log'
[8.505s] Invoked command in '/root/ros2_ws/src/turtle' returned '0': PYTHONPATH=/root/ros2_ws/build/turtle/prefix_override:/root/ros2_ws/install/turtle/lib/python3.10/site-packages:${PYTHONPATH} /usr/bin/python3 -W ignore:setup.py install is deprecated setup.py egg_info --egg-base ../../build/turtle build --build-base /root/ros2_ws/build/turtle/build install --record /root/ros2_ws/build/turtle/install.log --single-version-externally-managed install_data
