[2.306s] Invoking command in '/root/ros2_ws/src/turtle': PYTHONPATH=/root/ros2_ws/build/turtle/prefix_override:/root/ros2_ws/install/turtle/lib/python3.10/site-packages:${PYTHONPATH} /usr/bin/python3 -W ignore:setup.py install is deprecated setup.py egg_info --egg-base ../../build/turtle build --build-base /root/ros2_ws/build/turtle/build install --record /root/ros2_ws/build/turtle/install.log --single-version-externally-managed install_data
[3.207s] running egg_info
[3.209s] writing ../../build/turtle/turtle.egg-info/PKG-INFO
[3.210s] writing dependency_links to ../../build/turtle/turtle.egg-info/dependency_links.txt
[3.211s] writing entry points to ../../build/turtle/turtle.egg-info/entry_points.txt
[3.212s] writing requirements to ../../build/turtle/turtle.egg-info/requires.txt
[3.213s] writing top-level names to ../../build/turtle/turtle.egg-info/top_level.txt
[3.218s] reading manifest file '../../build/turtle/turtle.egg-info/SOURCES.txt'
[3.219s] writing manifest file '../../build/turtle/turtle.egg-info/SOURCES.txt'
[3.220s] running build
[3.220s] running build_py
[3.220s] copying turtle/turtle_node.py -> /root/ros2_ws/build/turtle/build/lib/turtle
[3.220s] running install
[3.221s] running install_lib
[3.223s] copying /root/ros2_ws/build/turtle/build/lib/turtle/turtle_node.py -> /root/ros2_ws/install/turtle/lib/python3.10/site-packages/turtle
[3.225s] byte-compiling /root/ros2_ws/install/turtle/lib/python3.10/site-packages/turtle/turtle_node.py to turtle_node.cpython-310.pyc
[3.232s] running install_data
[3.232s] running install_egg_info
[3.236s] removing '/root/ros2_ws/install/turtle/lib/python3.10/site-packages/turtle-0.0.0-py3.10.egg-info' (and everything under it)
[3.237s] Copying ../../build/turtle/turtle.egg-info to /root/ros2_ws/install/turtle/lib/python3.10/site-packages/turtle-0.0.0-py3.10.egg-info
[3.240s] running install_scripts
[3.313s] Installing turtle_node script to /root/ros2_ws/install/turtle/lib/turtle
[3.314s] writing list of installed files to '/root/ros2_ws/build/turtle/install.log'
[3.400s] Invoked command in '/root/ros2_ws/src/turtle' returned '0': PYTHONPATH=/root/ros2_ws/build/turtle/prefix_override:/root/ros2_ws/install/turtle/lib/python3.10/site-packages:${PYTHONPATH} /usr/bin/python3 -W ignore:setup.py install is deprecated setup.py egg_info --egg-base ../../build/turtle build --build-base /root/ros2_ws/build/turtle/build install --record /root/ros2_ws/build/turtle/install.log --single-version-externally-managed install_data
