[1.579s] Invoking command in '/root/ros2_ws/src/turtle': PYTHONPATH=/root/ros2_ws/build/turtle/prefix_override:/root/ros2_ws/install/turtle/lib/python3.10/site-packages:${PYTHONPATH} /usr/bin/python3 -W ignore:setup.py install is deprecated setup.py egg_info --egg-base ../../build/turtle build --build-base /root/ros2_ws/build/turtle/build install --record /root/ros2_ws/build/turtle/install.log --single-version-externally-managed install_data
[1.972s] running egg_info
[1.974s] writing ../../build/turtle/turtle.egg-info/PKG-INFO
[1.974s] writing dependency_links to ../../build/turtle/turtle.egg-info/dependency_links.txt
[1.977s] writing entry points to ../../build/turtle/turtle.egg-info/entry_points.txt
[1.977s] writing requirements to ../../build/turtle/turtle.egg-info/requires.txt
[1.977s] writing top-level names to ../../build/turtle/turtle.egg-info/top_level.txt
[1.982s] reading manifest file '../../build/turtle/turtle.egg-info/SOURCES.txt'
[1.983s] writing manifest file '../../build/turtle/turtle.egg-info/SOURCES.txt'
[1.984s] running build
[1.984s] running build_py
[1.984s] copying turtle/turtle_node.py -> /root/ros2_ws/build/turtle/build/lib/turtle
[1.985s] running install
[1.986s] running install_lib
[1.988s] copying /root/ros2_ws/build/turtle/build/lib/turtle/turtle_node.py -> /root/ros2_ws/install/turtle/lib/python3.10/site-packages/turtle
[1.991s] byte-compiling /root/ros2_ws/install/turtle/lib/python3.10/site-packages/turtle/turtle_node.py to turtle_node.cpython-310.pyc
[1.994s] running install_data
[1.994s] running install_egg_info
[1.997s] removing '/root/ros2_ws/install/turtle/lib/python3.10/site-packages/turtle-0.0.0-py3.10.egg-info' (and everything under it)
[1.998s] Copying ../../build/turtle/turtle.egg-info to /root/ros2_ws/install/turtle/lib/python3.10/site-packages/turtle-0.0.0-py3.10.egg-info
[2.006s] running install_scripts
[2.052s] Installing turtle_node script to /root/ros2_ws/install/turtle/lib/turtle
[2.052s] writing list of installed files to '/root/ros2_ws/build/turtle/install.log'
[2.093s] Invoked command in '/root/ros2_ws/src/turtle' returned '0': PYTHONPATH=/root/ros2_ws/build/turtle/prefix_override:/root/ros2_ws/install/turtle/lib/python3.10/site-packages:${PYTHONPATH} /usr/bin/python3 -W ignore:setup.py install is deprecated setup.py egg_info --egg-base ../../build/turtle build --build-base /root/ros2_ws/build/turtle/build install --record /root/ros2_ws/build/turtle/install.log --single-version-externally-managed install_data
