[2.126s] Invoking command in '/root/ros2_ws/src/turtle': PYTHONPATH=/root/ros2_ws/build/turtle/prefix_override:/root/ros2_ws/install/turtle/lib/python3.10/site-packages:${PYTHONPATH} /usr/bin/python3 -W ignore:setup.py install is deprecated setup.py egg_info --egg-base ../../build/turtle build --build-base /root/ros2_ws/build/turtle/build install --record /root/ros2_ws/build/turtle/install.log --single-version-externally-managed install_data
[2.944s] running egg_info
[2.946s] writing ../../build/turtle/turtle.egg-info/PKG-INFO
[2.954s] writing dependency_links to ../../build/turtle/turtle.egg-info/dependency_links.txt
[2.955s] writing entry points to ../../build/turtle/turtle.egg-info/entry_points.txt
[2.956s] writing requirements to ../../build/turtle/turtle.egg-info/requires.txt
[2.956s] writing top-level names to ../../build/turtle/turtle.egg-info/top_level.txt
[2.961s] reading manifest file '../../build/turtle/turtle.egg-info/SOURCES.txt'
[2.963s] writing manifest file '../../build/turtle/turtle.egg-info/SOURCES.txt'
[2.964s] running build
[2.964s] running build_py
[2.964s] copying turtle/turtle_node.py -> /root/ros2_ws/build/turtle/build/lib/turtle
[2.965s] running install
[2.971s] running install_lib
[2.978s] copying /root/ros2_ws/build/turtle/build/lib/turtle/turtle_node.py -> /root/ros2_ws/install/turtle/lib/python3.10/site-packages/turtle
[2.979s] byte-compiling /root/ros2_ws/install/turtle/lib/python3.10/site-packages/turtle/turtle_node.py to turtle_node.cpython-310.pyc
[2.992s] running install_data
[2.993s] running install_egg_info
[2.998s] removing '/root/ros2_ws/install/turtle/lib/python3.10/site-packages/turtle-0.0.0-py3.10.egg-info' (and everything under it)
[3.000s] Copying ../../build/turtle/turtle.egg-info to /root/ros2_ws/install/turtle/lib/python3.10/site-packages/turtle-0.0.0-py3.10.egg-info
[3.002s] running install_scripts
[3.088s] Installing turtle_node script to /root/ros2_ws/install/turtle/lib/turtle
[3.089s] writing list of installed files to '/root/ros2_ws/build/turtle/install.log'
[3.195s] Invoked command in '/root/ros2_ws/src/turtle' returned '0': PYTHONPATH=/root/ros2_ws/build/turtle/prefix_override:/root/ros2_ws/install/turtle/lib/python3.10/site-packages:${PYTHONPATH} /usr/bin/python3 -W ignore:setup.py install is deprecated setup.py egg_info --egg-base ../../build/turtle build --build-base /root/ros2_ws/build/turtle/build install --record /root/ros2_ws/build/turtle/install.log --single-version-externally-managed install_data
