[4.201s] Invoking command in '/root/ros2_ws/src/turtle': PYTHONPATH=/root/ros2_ws/build/turtle/prefix_override:/root/ros2_ws/install/turtle/lib/python3.10/site-packages:${PYTHONPATH} /usr/bin/python3 -W ignore:setup.py install is deprecated setup.py egg_info --egg-base ../../build/turtle build --build-base /root/ros2_ws/build/turtle/build install --record /root/ros2_ws/build/turtle/install.log --single-version-externally-managed install_data
[8.198s] running egg_info
[8.213s] writing ../../build/turtle/turtle.egg-info/PKG-INFO
[8.214s] writing dependency_links to ../../build/turtle/turtle.egg-info/dependency_links.txt
[8.215s] writing entry points to ../../build/turtle/turtle.egg-info/entry_points.txt
[8.217s] writing requirements to ../../build/turtle/turtle.egg-info/requires.txt
[8.217s] writing top-level names to ../../build/turtle/turtle.egg-info/top_level.txt
[8.235s] reading manifest file '../../build/turtle/turtle.egg-info/SOURCES.txt'
[8.240s] writing manifest file '../../build/turtle/turtle.egg-info/SOURCES.txt'
[8.259s] running build
[8.259s] running build_py
[8.260s] copying turtle/turtle_node.py -> /root/ros2_ws/build/turtle/build/lib/turtle
[8.260s] running install
[8.261s] running install_lib
[8.271s] copying /root/ros2_ws/build/turtle/build/lib/turtle/turtle_node.py -> /root/ros2_ws/install/turtle/lib/python3.10/site-packages/turtle
[8.275s] byte-compiling /root/ros2_ws/install/turtle/lib/python3.10/site-packages/turtle/turtle_node.py to turtle_node.cpython-310.pyc
[8.309s] running install_data
[8.309s] running install_egg_info
[8.337s] removing '/root/ros2_ws/install/turtle/lib/python3.10/site-packages/turtle-0.0.0-py3.10.egg-info' (and everything under it)
[8.339s] Copying ../../build/turtle/turtle.egg-info to /root/ros2_ws/install/turtle/lib/python3.10/site-packages/turtle-0.0.0-py3.10.egg-info
[8.367s] running install_scripts
[8.681s] Installing turtle_node script to /root/ros2_ws/install/turtle/lib/turtle
[8.683s] writing list of installed files to '/root/ros2_ws/build/turtle/install.log'
[8.946s] Invoked command in '/root/ros2_ws/src/turtle' returned '0': PYTHONPATH=/root/ros2_ws/build/turtle/prefix_override:/root/ros2_ws/install/turtle/lib/python3.10/site-packages:${PYTHONPATH} /usr/bin/python3 -W ignore:setup.py install is deprecated setup.py egg_info --egg-base ../../build/turtle build --build-base /root/ros2_ws/build/turtle/build install --record /root/ros2_ws/build/turtle/install.log --single-version-externally-managed install_data
