[3.489s] Invoking command in '/root/ros2_ws/src/turtle': PYTHONPATH=/root/ros2_ws/build/turtle/prefix_override:/root/ros2_ws/install/turtle/lib/python3.10/site-packages:${PYTHONPATH} /usr/bin/python3 -W ignore:setup.py install is deprecated setup.py egg_info --egg-base ../../build/turtle build --build-base /root/ros2_ws/build/turtle/build install --record /root/ros2_ws/build/turtle/install.log --single-version-externally-managed install_data
[4.452s] running egg_info
[4.455s] writing ../../build/turtle/turtle.egg-info/PKG-INFO
[4.461s] writing dependency_links to ../../build/turtle/turtle.egg-info/dependency_links.txt
[4.465s] writing entry points to ../../build/turtle/turtle.egg-info/entry_points.txt
[4.467s] writing requirements to ../../build/turtle/turtle.egg-info/requires.txt
[4.468s] writing top-level names to ../../build/turtle/turtle.egg-info/top_level.txt
[4.474s] reading manifest file '../../build/turtle/turtle.egg-info/SOURCES.txt'
[4.479s] writing manifest file '../../build/turtle/turtle.egg-info/SOURCES.txt'
[4.484s] running build
[4.484s] running build_py
[4.484s] copying turtle/turtle_node.py -> /root/ros2_ws/build/turtle/build/lib/turtle
[4.484s] running install
[4.485s] running install_lib
[4.487s] copying /root/ros2_ws/build/turtle/build/lib/turtle/turtle_node.py -> /root/ros2_ws/install/turtle/lib/python3.10/site-packages/turtle
[4.488s] byte-compiling /root/ros2_ws/install/turtle/lib/python3.10/site-packages/turtle/turtle_node.py to turtle_node.cpython-310.pyc
[4.490s] running install_data
[4.490s] running install_egg_info
[4.492s] removing '/root/ros2_ws/install/turtle/lib/python3.10/site-packages/turtle-0.0.0-py3.10.egg-info' (and everything under it)
[4.493s] Copying ../../build/turtle/turtle.egg-info to /root/ros2_ws/install/turtle/lib/python3.10/site-packages/turtle-0.0.0-py3.10.egg-info
[4.496s] running install_scripts
[4.534s] Installing turtle_node script to /root/ros2_ws/install/turtle/lib/turtle
[4.538s] writing list of installed files to '/root/ros2_ws/build/turtle/install.log'
[4.694s] Invoked command in '/root/ros2_ws/src/turtle' returned '0': PYTHONPATH=/root/ros2_ws/build/turtle/prefix_override:/root/ros2_ws/install/turtle/lib/python3.10/site-packages:${PYTHONPATH} /usr/bin/python3 -W ignore:setup.py install is deprecated setup.py egg_info --egg-base ../../build/turtle build --build-base /root/ros2_ws/build/turtle/build install --record /root/ros2_ws/build/turtle/install.log --single-version-externally-managed install_data
