[3.754s] Invoking command in '/root/ros2_ws/src/turtle': PYTHONPATH=/root/ros2_ws/build/turtle/prefix_override:/root/ros2_ws/install/turtle/lib/python3.10/site-packages:${PYTHONPATH} /usr/bin/python3 -W ignore:setup.py install is deprecated setup.py egg_info --egg-base ../../build/turtle build --build-base /root/ros2_ws/build/turtle/build install --record /root/ros2_ws/build/turtle/install.log --single-version-externally-managed install_data
[4.750s] running egg_info
[4.755s] writing ../../build/turtle/turtle.egg-info/PKG-INFO
[4.757s] writing dependency_links to ../../build/turtle/turtle.egg-info/dependency_links.txt
[4.757s] writing entry points to ../../build/turtle/turtle.egg-info/entry_points.txt
[4.757s] writing requirements to ../../build/turtle/turtle.egg-info/requires.txt
[4.758s] writing top-level names to ../../build/turtle/turtle.egg-info/top_level.txt
[4.767s] reading manifest file '../../build/turtle/turtle.egg-info/SOURCES.txt'
[4.771s] writing manifest file '../../build/turtle/turtle.egg-info/SOURCES.txt'
[4.772s] running build
[4.773s] running build_py
[4.773s] running install
[4.779s] running install_lib
[4.785s] running install_data
[4.786s] running install_egg_info
[4.791s] removing '/root/ros2_ws/install/turtle/lib/python3.10/site-packages/turtle-0.0.0-py3.10.egg-info' (and everything under it)
[4.794s] Copying ../../build/turtle/turtle.egg-info to /root/ros2_ws/install/turtle/lib/python3.10/site-packages/turtle-0.0.0-py3.10.egg-info
[4.802s] running install_scripts
[4.905s] Installing turtle_node script to /root/ros2_ws/install/turtle/lib/turtle
[4.906s] writing list of installed files to '/root/ros2_ws/build/turtle/install.log'
[5.036s] Invoked command in '/root/ros2_ws/src/turtle' returned '0': PYTHONPATH=/root/ros2_ws/build/turtle/prefix_override:/root/ros2_ws/install/turtle/lib/python3.10/site-packages:${PYTHONPATH} /usr/bin/python3 -W ignore:setup.py install is deprecated setup.py egg_info --egg-base ../../build/turtle build --build-base /root/ros2_ws/build/turtle/build install --record /root/ros2_ws/build/turtle/install.log --single-version-externally-managed install_data
