[1.948s] DEBUG:colcon:Command line arguments: ['/usr/bin/colcon', 'build']
[1.949s] DEBUG:colcon:Parsed command line arguments: Namespace(log_base=None, log_level=None, verb_name='build', build_base='build', install_base='install', merge_install=False, symlink_install=False, test_result_base=None, continue_on_error=False, executor='parallel', parallel_workers=8, event_handlers=None, ignore_user_meta=False, metas=['./colcon.meta'], base_paths=['.'], packages_ignore=None, packages_ignore_regex=None, paths=None, packages_up_to=None, packages_up_to_regex=None, packages_above=None, packages_above_and_dependencies=None, packages_above_depth=None, packages_select_by_dep=None, packages_skip_by_dep=None, packages_skip_up_to=None, packages_select_build_failed=False, packages_skip_build_finished=False, packages_select_test_failures=False, packages_skip_test_passed=False, packages_select=None, packages_skip=None, packages_select_regex=None, packages_skip_regex=None, packages_start=None, packages_end=None, allow_overriding=[], cmake_args=None, cmake_target=None, cmake_target_skip_unavailable=False, cmake_clean_cache=False, cmake_clean_first=False, cmake_force_configure=False, ament_cmake_args=None, catkin_cmake_args=None, catkin_skip_building_tests=False, verb_parser=<colcon_defaults.argument_parser.defaults.DefaultArgumentsDecorator object at 0x7f39314c3a60>, verb_extension=<colcon_core.verb.build.BuildVerb object at 0x7f3931471360>, main=<bound method BuildVerb.main of <colcon_core.verb.build.BuildVerb object at 0x7f3931471360>>)
[3.778s] Level 1:colcon.colcon_core.package_discovery:discover_packages(colcon_meta) check parameters
[3.778s] Level 1:colcon.colcon_core.package_discovery:discover_packages(recursive) check parameters
[3.778s] Level 1:colcon.colcon_core.package_discovery:discover_packages(ignore) check parameters
[3.778s] Level 1:colcon.colcon_core.package_discovery:discover_packages(path) check parameters
[3.778s] Level 1:colcon.colcon_core.package_discovery:discover_packages(colcon_meta) discover
[3.778s] Level 1:colcon.colcon_core.package_discovery:discover_packages(recursive) discover
[3.778s] INFO:colcon.colcon_core.package_discovery:Crawling recursively for packages in '/root/ros2_ws'
[3.779s] Level 1:colcon.colcon_core.package_identification:_identify(.) by extensions ['ignore', 'ignore_ament_install']
[3.779s] Level 1:colcon.colcon_core.package_identification:_identify(.) by extension 'ignore'
[3.779s] Level 1:colcon.colcon_core.package_identification:_identify(.) by extension 'ignore_ament_install'
[3.779s] Level 1:colcon.colcon_core.package_identification:_identify(.) by extensions ['colcon_pkg']
[3.779s] Level 1:colcon.colcon_core.package_identification:_identify(.) by extension 'colcon_pkg'
[3.779s] Level 1:colcon.colcon_core.package_identification:_identify(.) by extensions ['colcon_meta']
[3.779s] Level 1:colcon.colcon_core.package_identification:_identify(.) by extension 'colcon_meta'
[3.780s] Level 1:colcon.colcon_core.package_identification:_identify(.) by extensions ['ros']
[3.780s] Level 1:colcon.colcon_core.package_identification:_identify(.) by extension 'ros'
[3.819s] Level 1:colcon.colcon_core.package_identification:_identify(.) by extensions ['cmake', 'python']
[3.820s] Level 1:colcon.colcon_core.package_identification:_identify(.) by extension 'cmake'
[3.820s] Level 1:colcon.colcon_core.package_identification:_identify(.) by extension 'python'
[3.820s] Level 1:colcon.colcon_core.package_identification:_identify(.) by extensions ['python_setup_py']
[3.821s] Level 1:colcon.colcon_core.package_identification:_identify(.) by extension 'python_setup_py'
[3.821s] Level 1:colcon.colcon_core.package_identification:_identify(build) by extensions ['ignore', 'ignore_ament_install']
[3.822s] Level 1:colcon.colcon_core.package_identification:_identify(build) by extension 'ignore'
[3.833s] Level 1:colcon.colcon_core.package_identification:_identify(build) ignored
[3.835s] Level 1:colcon.colcon_core.package_identification:_identify(install) by extensions ['ignore', 'ignore_ament_install']
[3.835s] Level 1:colcon.colcon_core.package_identification:_identify(install) by extension 'ignore'
[3.836s] Level 1:colcon.colcon_core.package_identification:_identify(install) ignored
[3.837s] Level 1:colcon.colcon_core.package_identification:_identify(log) by extensions ['ignore', 'ignore_ament_install']
[3.838s] Level 1:colcon.colcon_core.package_identification:_identify(log) by extension 'ignore'
[3.839s] Level 1:colcon.colcon_core.package_identification:_identify(log) ignored
[3.840s] Level 1:colcon.colcon_core.package_identification:_identify(other) by extensions ['ignore', 'ignore_ament_install']
[3.840s] Level 1:colcon.colcon_core.package_identification:_identify(other) by extension 'ignore'
[3.841s] Level 1:colcon.colcon_core.package_identification:_identify(other) by extension 'ignore_ament_install'
[3.841s] Level 1:colcon.colcon_core.package_identification:_identify(other) by extensions ['colcon_pkg']
[3.842s] Level 1:colcon.colcon_core.package_identification:_identify(other) by extension 'colcon_pkg'
[3.842s] Level 1:colcon.colcon_core.package_identification:_identify(other) by extensions ['colcon_meta']
[3.842s] Level 1:colcon.colcon_core.package_identification:_identify(other) by extension 'colcon_meta'
[3.843s] Level 1:colcon.colcon_core.package_identification:_identify(other) by extensions ['ros']
[3.843s] Level 1:colcon.colcon_core.package_identification:_identify(other) by extension 'ros'
[3.844s] Level 1:colcon.colcon_core.package_identification:_identify(other) by extensions ['cmake', 'python']
[3.844s] Level 1:colcon.colcon_core.package_identification:_identify(other) by extension 'cmake'
[3.844s] Level 1:colcon.colcon_core.package_identification:_identify(other) by extension 'python'
[3.845s] Level 1:colcon.colcon_core.package_identification:_identify(other) by extensions ['python_setup_py']
[3.845s] Level 1:colcon.colcon_core.package_identification:_identify(other) by extension 'python_setup_py'
[3.846s] Level 1:colcon.colcon_core.package_identification:_identify(src) by extensions ['ignore', 'ignore_ament_install']
[3.850s] Level 1:colcon.colcon_core.package_identification:_identify(src) by extension 'ignore'
[3.856s] Level 1:colcon.colcon_core.package_identification:_identify(src) by extension 'ignore_ament_install'
[3.856s] Level 1:colcon.colcon_core.package_identification:_identify(src) by extensions ['colcon_pkg']
[3.857s] Level 1:colcon.colcon_core.package_identification:_identify(src) by extension 'colcon_pkg'
[3.857s] Level 1:colcon.colcon_core.package_identification:_identify(src) by extensions ['colcon_meta']
[3.858s] Level 1:colcon.colcon_core.package_identification:_identify(src) by extension 'colcon_meta'
[3.858s] Level 1:colcon.colcon_core.package_identification:_identify(src) by extensions ['ros']
[3.858s] Level 1:colcon.colcon_core.package_identification:_identify(src) by extension 'ros'
[3.859s] Level 1:colcon.colcon_core.package_identification:_identify(src) by extensions ['cmake', 'python']
[3.860s] Level 1:colcon.colcon_core.package_identification:_identify(src) by extension 'cmake'
[3.860s] Level 1:colcon.colcon_core.package_identification:_identify(src) by extension 'python'
[3.860s] Level 1:colcon.colcon_core.package_identification:_identify(src) by extensions ['python_setup_py']
[3.861s] Level 1:colcon.colcon_core.package_identification:_identify(src) by extension 'python_setup_py'
[3.862s] Level 1:colcon.colcon_core.package_identification:_identify(src/turtle) by extensions ['ignore', 'ignore_ament_install']
[3.862s] Level 1:colcon.colcon_core.package_identification:_identify(src/turtle) by extension 'ignore'
[3.863s] Level 1:colcon.colcon_core.package_identification:_identify(src/turtle) by extension 'ignore_ament_install'
[3.864s] Level 1:colcon.colcon_core.package_identification:_identify(src/turtle) by extensions ['colcon_pkg']
[3.865s] Level 1:colcon.colcon_core.package_identification:_identify(src/turtle) by extension 'colcon_pkg'
[3.865s] Level 1:colcon.colcon_core.package_identification:_identify(src/turtle) by extensions ['colcon_meta']
[3.865s] Level 1:colcon.colcon_core.package_identification:_identify(src/turtle) by extension 'colcon_meta'
[3.866s] Level 1:colcon.colcon_core.package_identification:_identify(src/turtle) by extensions ['ros']
[3.866s] Level 1:colcon.colcon_core.package_identification:_identify(src/turtle) by extension 'ros'
[3.901s] DEBUG:colcon.colcon_core.package_identification:Package 'src/turtle' with type 'ros.ament_python' and name 'turtle'
[3.902s] Level 1:colcon.colcon_core.package_discovery:discover_packages(recursive) using defaults
[3.903s] Level 1:colcon.colcon_core.package_discovery:discover_packages(ignore) discover
[3.904s] Level 1:colcon.colcon_core.package_discovery:discover_packages(ignore) using defaults
[3.904s] Level 1:colcon.colcon_core.package_discovery:discover_packages(path) discover
[3.904s] Level 1:colcon.colcon_core.package_discovery:discover_packages(path) using defaults
[4.221s] Level 1:colcon.colcon_core.package_discovery:discover_packages(prefix_path) check parameters
[4.229s] Level 1:colcon.colcon_core.package_discovery:discover_packages(prefix_path) discover
[4.249s] WARNING:colcon.colcon_core.prefix_path.colcon:The path '/root/ros2_ws/src/install' in the environment variable COLCON_PREFIX_PATH doesn't exist
[4.251s] WARNING:colcon.colcon_ros.prefix_path.ament:The path '/root/ros2_ws/install/demo' in the environment variable AMENT_PREFIX_PATH doesn't exist
[4.251s] WARNING:colcon.colcon_ros.prefix_path.ament:The path '/root/ros2_ws/src/install/turtle_catcher' in the environment variable AMENT_PREFIX_PATH doesn't exist
[4.252s] WARNING:colcon.colcon_ros.prefix_path.ament:The path '/root/ros2_ws/install/turtle_catcher' in the environment variable AMENT_PREFIX_PATH doesn't exist
[4.252s] WARNING:colcon.colcon_ros.prefix_path.catkin:The path '/root/ros2_ws/install/demo' in the environment variable CMAKE_PREFIX_PATH doesn't exist
[4.253s] WARNING:colcon.colcon_ros.prefix_path.catkin:The path '/root/ros2_ws/install/turtle_catcher' in the environment variable CMAKE_PREFIX_PATH doesn't exist
[4.258s] DEBUG:colcon.colcon_installed_package_information.package_discovery:Found 1 installed packages in /root/ros2_ws/install
[4.276s] DEBUG:colcon.colcon_installed_package_information.package_discovery:Found 270 installed packages in /opt/ros/humble
[4.307s] Level 1:colcon.colcon_core.package_discovery:discover_packages(prefix_path) using defaults
[5.068s] Level 5:colcon.colcon_core.verb:set package 'turtle' build argument 'cmake_args' from command line to 'None'
[5.068s] Level 5:colcon.colcon_core.verb:set package 'turtle' build argument 'cmake_target' from command line to 'None'
[5.069s] Level 5:colcon.colcon_core.verb:set package 'turtle' build argument 'cmake_target_skip_unavailable' from command line to 'False'
[5.069s] Level 5:colcon.colcon_core.verb:set package 'turtle' build argument 'cmake_clean_cache' from command line to 'False'
[5.069s] Level 5:colcon.colcon_core.verb:set package 'turtle' build argument 'cmake_clean_first' from command line to 'False'
[5.069s] Level 5:colcon.colcon_core.verb:set package 'turtle' build argument 'cmake_force_configure' from command line to 'False'
[5.069s] Level 5:colcon.colcon_core.verb:set package 'turtle' build argument 'ament_cmake_args' from command line to 'None'
[5.069s] Level 5:colcon.colcon_core.verb:set package 'turtle' build argument 'catkin_cmake_args' from command line to 'None'
[5.069s] Level 5:colcon.colcon_core.verb:set package 'turtle' build argument 'catkin_skip_building_tests' from command line to 'False'
[5.069s] DEBUG:colcon.colcon_core.verb:Building package 'turtle' with the following arguments: {'ament_cmake_args': None, 'build_base': '/root/ros2_ws/build/turtle', 'catkin_cmake_args': None, 'catkin_skip_building_tests': False, 'cmake_args': None, 'cmake_clean_cache': False, 'cmake_clean_first': False, 'cmake_force_configure': False, 'cmake_target': None, 'cmake_target_skip_unavailable': False, 'install_base': '/root/ros2_ws/install/turtle', 'merge_install': False, 'path': '/root/ros2_ws/src/turtle', 'symlink_install': False, 'test_result_base': None}
[5.069s] INFO:colcon.colcon_core.executor:Executing jobs using 'parallel' executor
[5.071s] DEBUG:colcon.colcon_parallel_executor.executor.parallel:run_until_complete
[5.072s] INFO:colcon.colcon_ros.task.ament_python.build:Building ROS package in '/root/ros2_ws/src/turtle' with build type 'ament_python'
[5.073s] Level 1:colcon.colcon_core.shell:create_environment_hook('turtle', 'ament_prefix_path')
[5.081s] INFO:colcon.colcon_core.plugin_system:Skipping extension 'colcon_core.shell.bat': Not used on non-Windows systems
[5.082s] INFO:colcon.colcon_core.shell:Creating environment hook '/root/ros2_ws/install/turtle/share/turtle/hook/ament_prefix_path.ps1'
[5.084s] INFO:colcon.colcon_core.shell:Creating environment descriptor '/root/ros2_ws/install/turtle/share/turtle/hook/ament_prefix_path.dsv'
[5.085s] INFO:colcon.colcon_core.shell:Creating environment hook '/root/ros2_ws/install/turtle/share/turtle/hook/ament_prefix_path.sh'
[5.086s] INFO:colcon.colcon_core.shell:Skip shell extension 'powershell' for command environment: Not usable outside of PowerShell
[5.087s] DEBUG:colcon.colcon_core.shell:Skip shell extension 'dsv' for command environment
[7.688s] INFO:colcon.colcon_core.task.python.build:Building Python package in '/root/ros2_ws/src/turtle'
[7.689s] INFO:colcon.colcon_core.shell:Skip shell extension 'powershell' for command environment: Not usable outside of PowerShell
[7.690s] DEBUG:colcon.colcon_core.shell:Skip shell extension 'dsv' for command environment
[10.243s] DEBUG:colcon.colcon_core.event_handler.log_command:Invoking command in '/root/ros2_ws/src/turtle': PYTHONPATH=/root/ros2_ws/build/turtle/prefix_override:/root/ros2_ws/install/turtle/lib/python3.10/site-packages:${PYTHONPATH} /usr/bin/python3 -W ignore:setup.py install is deprecated setup.py egg_info --egg-base ../../build/turtle build --build-base /root/ros2_ws/build/turtle/build install --record /root/ros2_ws/build/turtle/install.log --single-version-externally-managed install_data
[11.697s] DEBUG:colcon.colcon_core.event_handler.log_command:Invoked command in '/root/ros2_ws/src/turtle' returned '0': PYTHONPATH=/root/ros2_ws/build/turtle/prefix_override:/root/ros2_ws/install/turtle/lib/python3.10/site-packages:${PYTHONPATH} /usr/bin/python3 -W ignore:setup.py install is deprecated setup.py egg_info --egg-base ../../build/turtle build --build-base /root/ros2_ws/build/turtle/build install --record /root/ros2_ws/build/turtle/install.log --single-version-externally-managed install_data
[11.703s] Level 1:colcon.colcon_core.environment:checking '/root/ros2_ws/install/turtle' for CMake module files
[11.704s] Level 1:colcon.colcon_core.environment:checking '/root/ros2_ws/install/turtle' for CMake config files
[11.707s] Level 1:colcon.colcon_core.environment:checking '/root/ros2_ws/install/turtle/lib'
[11.708s] Level 1:colcon.colcon_core.environment:checking '/root/ros2_ws/install/turtle/bin'
[11.708s] Level 1:colcon.colcon_core.environment:checking '/root/ros2_ws/install/turtle/lib/pkgconfig/turtle.pc'
[11.710s] Level 1:colcon.colcon_core.environment:checking '/root/ros2_ws/install/turtle/lib/python3.10/site-packages'
[11.710s] Level 1:colcon.colcon_core.shell:create_environment_hook('turtle', 'pythonpath')
[11.712s] INFO:colcon.colcon_core.shell:Creating environment hook '/root/ros2_ws/install/turtle/share/turtle/hook/pythonpath.ps1'
[11.713s] INFO:colcon.colcon_core.shell:Creating environment descriptor '/root/ros2_ws/install/turtle/share/turtle/hook/pythonpath.dsv'
[11.715s] INFO:colcon.colcon_core.shell:Creating environment hook '/root/ros2_ws/install/turtle/share/turtle/hook/pythonpath.sh'
[11.717s] Level 1:colcon.colcon_core.environment:checking '/root/ros2_ws/install/turtle/bin'
[11.717s] Level 1:colcon.colcon_core.environment:create_environment_scripts_only(turtle)
[11.718s] INFO:colcon.colcon_core.shell:Creating package script '/root/ros2_ws/install/turtle/share/turtle/package.ps1'
[11.721s] INFO:colcon.colcon_core.shell:Creating package descriptor '/root/ros2_ws/install/turtle/share/turtle/package.dsv'
[11.722s] INFO:colcon.colcon_core.shell:Creating package script '/root/ros2_ws/install/turtle/share/turtle/package.sh'
[11.725s] INFO:colcon.colcon_core.shell:Creating package script '/root/ros2_ws/install/turtle/share/turtle/package.bash'
[11.728s] INFO:colcon.colcon_core.shell:Creating package script '/root/ros2_ws/install/turtle/share/turtle/package.zsh'
[11.731s] Level 1:colcon.colcon_core.environment:create_file_with_runtime_dependencies(/root/ros2_ws/install/turtle/share/colcon-core/packages/turtle)
[11.733s] DEBUG:colcon.colcon_parallel_executor.executor.parallel:closing loop
[11.735s] DEBUG:colcon.colcon_parallel_executor.executor.parallel:loop closed
[11.736s] DEBUG:colcon.colcon_parallel_executor.executor.parallel:run_until_complete finished with '0'
[11.737s] DEBUG:colcon.colcon_core.event_reactor:joining thread
[12.106s] INFO:colcon.colcon_core.plugin_system:Skipping extension 'colcon_notification.desktop_notification.notify_send': Could not find 'notify-send'
[12.107s] INFO:colcon.colcon_core.plugin_system:Skipping extension 'colcon_notification.desktop_notification.terminal_notifier': Not used on non-Darwin systems
[12.107s] INFO:colcon.colcon_core.plugin_system:Skipping extension 'colcon_notification.desktop_notification.win32': Not used on non-Windows systems
[12.107s] INFO:colcon.colcon_notification.desktop_notification:Sending desktop notification using 'notify2'
[12.108s] DEBUG:colcon.colcon_notification.desktop_notification.notify2:Failed to initialize notify2: org.freedesktop.DBus.Error.FileNotFound: Failed to connect to socket /run/user/0/bus: No such file or directory
[12.108s] DEBUG:colcon.colcon_core.event_reactor:joined thread
[12.110s] INFO:colcon.colcon_core.shell:Creating prefix script '/root/ros2_ws/install/local_setup.ps1'
[12.114s] INFO:colcon.colcon_core.shell:Creating prefix util module '/root/ros2_ws/install/_local_setup_util_ps1.py'
[12.121s] INFO:colcon.colcon_core.shell:Creating prefix chain script '/root/ros2_ws/install/setup.ps1'
[12.125s] INFO:colcon.colcon_core.shell:Creating prefix script '/root/ros2_ws/install/local_setup.sh'
[12.128s] INFO:colcon.colcon_core.shell:Creating prefix util module '/root/ros2_ws/install/_local_setup_util_sh.py'
[12.131s] INFO:colcon.colcon_core.shell:Creating prefix chain script '/root/ros2_ws/install/setup.sh'
[12.136s] INFO:colcon.colcon_core.shell:Creating prefix script '/root/ros2_ws/install/local_setup.bash'
[12.138s] INFO:colcon.colcon_core.shell:Creating prefix chain script '/root/ros2_ws/install/setup.bash'
[12.142s] INFO:colcon.colcon_core.shell:Creating prefix script '/root/ros2_ws/install/local_setup.zsh'
[12.145s] INFO:colcon.colcon_core.shell:Creating prefix chain script '/root/ros2_ws/install/setup.zsh'
