[2.988s] Invoking command in '/root/ros2_ws/src/turtle': PYTHONPATH=/root/ros2_ws/build/turtle/prefix_override:/root/ros2_ws/install/turtle/lib/python3.10/site-packages:${PYTHONPATH} /usr/bin/python3 -W ignore:setup.py install is deprecated setup.py egg_info --egg-base ../../build/turtle build --build-base /root/ros2_ws/build/turtle/build install --record /root/ros2_ws/build/turtle/install.log --single-version-externally-managed install_data
[3.969s] running egg_info
[3.981s] writing ../../build/turtle/turtle.egg-info/PKG-INFO
[3.982s] writing dependency_links to ../../build/turtle/turtle.egg-info/dependency_links.txt
[3.983s] writing entry points to ../../build/turtle/turtle.egg-info/entry_points.txt
[3.983s] writing requirements to ../../build/turtle/turtle.egg-info/requires.txt
[3.984s] writing top-level names to ../../build/turtle/turtle.egg-info/top_level.txt
[3.998s] reading manifest file '../../build/turtle/turtle.egg-info/SOURCES.txt'
[4.002s] writing manifest file '../../build/turtle/turtle.egg-info/SOURCES.txt'
[4.002s] running build
[4.002s] running build_py
[4.003s] copying turtle/turtle_node.py -> /root/ros2_ws/build/turtle/build/lib/turtle
[4.003s] running install
[4.005s] running install_lib
[4.009s] copying /root/ros2_ws/build/turtle/build/lib/turtle/turtle_node.py -> /root/ros2_ws/install/turtle/lib/python3.10/site-packages/turtle
[4.015s] byte-compiling /root/ros2_ws/install/turtle/lib/python3.10/site-packages/turtle/turtle_node.py to turtle_node.cpython-310.pyc
[4.027s] running install_data
[4.027s] running install_egg_info
[4.047s] removing '/root/ros2_ws/install/turtle/lib/python3.10/site-packages/turtle-0.0.0-py3.10.egg-info' (and everything under it)
[4.050s] Copying ../../build/turtle/turtle.egg-info to /root/ros2_ws/install/turtle/lib/python3.10/site-packages/turtle-0.0.0-py3.10.egg-info
[4.062s] running install_scripts
[4.155s] Installing turtle_node script to /root/ros2_ws/install/turtle/lib/turtle
[4.155s] writing list of installed files to '/root/ros2_ws/build/turtle/install.log'
[4.318s] Invoked command in '/root/ros2_ws/src/turtle' returned '0': PYTHONPATH=/root/ros2_ws/build/turtle/prefix_override:/root/ros2_ws/install/turtle/lib/python3.10/site-packages:${PYTHONPATH} /usr/bin/python3 -W ignore:setup.py install is deprecated setup.py egg_info --egg-base ../../build/turtle build --build-base /root/ros2_ws/build/turtle/build install --record /root/ros2_ws/build/turtle/install.log --single-version-externally-managed install_data
