[7.876s] Invoking command in '/root/ros2_ws/src/turtle': PYTHONPATH=/root/ros2_ws/build/turtle/prefix_override:/root/ros2_ws/install/turtle/lib/python3.10/site-packages:${PYTHONPATH} /usr/bin/python3 -W ignore:setup.py install is deprecated setup.py egg_info --egg-base ../../build/turtle build --build-base /root/ros2_ws/build/turtle/build install --record /root/ros2_ws/build/turtle/install.log --single-version-externally-managed install_data
[10.857s] running egg_info
[10.861s] writing ../../build/turtle/turtle.egg-info/PKG-INFO
[10.864s] writing dependency_links to ../../build/turtle/turtle.egg-info/dependency_links.txt
[10.873s] writing entry points to ../../build/turtle/turtle.egg-info/entry_points.txt
[10.874s] writing requirements to ../../build/turtle/turtle.egg-info/requires.txt
[10.874s] writing top-level names to ../../build/turtle/turtle.egg-info/top_level.txt
[10.892s] reading manifest file '../../build/turtle/turtle.egg-info/SOURCES.txt'
[10.896s] writing manifest file '../../build/turtle/turtle.egg-info/SOURCES.txt'
[10.897s] running build
[10.898s] running build_py
[10.898s] copying turtle/turtle_node.py -> /root/ros2_ws/build/turtle/build/lib/turtle
[10.898s] running install
[10.909s] running install_lib
[10.914s] copying /root/ros2_ws/build/turtle/build/lib/turtle/turtle_node.py -> /root/ros2_ws/install/turtle/lib/python3.10/site-packages/turtle
[10.917s] byte-compiling /root/ros2_ws/install/turtle/lib/python3.10/site-packages/turtle/turtle_node.py to turtle_node.cpython-310.pyc
[10.939s] running install_data
[10.945s] running install_egg_info
[10.958s] removing '/root/ros2_ws/install/turtle/lib/python3.10/site-packages/turtle-0.0.0-py3.10.egg-info' (and everything under it)
[10.972s] Copying ../../build/turtle/turtle.egg-info to /root/ros2_ws/install/turtle/lib/python3.10/site-packages/turtle-0.0.0-py3.10.egg-info
[10.979s] running install_scripts
[11.112s] Installing turtle_node script to /root/ros2_ws/install/turtle/lib/turtle
[11.114s] writing list of installed files to '/root/ros2_ws/build/turtle/install.log'
[11.261s] Invoked command in '/root/ros2_ws/src/turtle' returned '0': PYTHONPATH=/root/ros2_ws/build/turtle/prefix_override:/root/ros2_ws/install/turtle/lib/python3.10/site-packages:${PYTHONPATH} /usr/bin/python3 -W ignore:setup.py install is deprecated setup.py egg_info --egg-base ../../build/turtle build --build-base /root/ros2_ws/build/turtle/build install --record /root/ros2_ws/build/turtle/install.log --single-version-externally-managed install_data
