[1.721s] Invoking command in '/root/ros2_ws/src/turtle': PYTHONPATH=/root/ros2_ws/build/turtle/prefix_override:/root/ros2_ws/install/turtle/lib/python3.10/site-packages:${PYTHONPATH} /usr/bin/python3 -W ignore:setup.py install is deprecated setup.py egg_info --egg-base ../../build/turtle build --build-base /root/ros2_ws/build/turtle/build install --record /root/ros2_ws/build/turtle/install.log --single-version-externally-managed install_data
[2.619s] running egg_info
[2.622s] writing ../../build/turtle/turtle.egg-info/PKG-INFO
[2.623s] writing dependency_links to ../../build/turtle/turtle.egg-info/dependency_links.txt
[2.624s] writing entry points to ../../build/turtle/turtle.egg-info/entry_points.txt
[2.624s] writing requirements to ../../build/turtle/turtle.egg-info/requires.txt
[2.625s] writing top-level names to ../../build/turtle/turtle.egg-info/top_level.txt
[2.641s] reading manifest file '../../build/turtle/turtle.egg-info/SOURCES.txt'
[2.660s] writing manifest file '../../build/turtle/turtle.egg-info/SOURCES.txt'
[2.661s] running build
[2.661s] running build_py
[2.662s] copying turtle/turtle_node.py -> /root/ros2_ws/build/turtle/build/lib/turtle
[2.669s] running install
[2.670s] running install_lib
[2.673s] copying /root/ros2_ws/build/turtle/build/lib/turtle/turtle_node.py -> /root/ros2_ws/install/turtle/lib/python3.10/site-packages/turtle
[2.675s] byte-compiling /root/ros2_ws/install/turtle/lib/python3.10/site-packages/turtle/turtle_node.py to turtle_node.cpython-310.pyc
[2.705s] running install_data
[2.705s] running install_egg_info
[2.720s] removing '/root/ros2_ws/install/turtle/lib/python3.10/site-packages/turtle-0.0.0-py3.10.egg-info' (and everything under it)
[2.721s] Copying ../../build/turtle/turtle.egg-info to /root/ros2_ws/install/turtle/lib/python3.10/site-packages/turtle-0.0.0-py3.10.egg-info
[2.737s] running install_scripts
[2.863s] Installing turtle_node script to /root/ros2_ws/install/turtle/lib/turtle
[2.864s] writing list of installed files to '/root/ros2_ws/build/turtle/install.log'
[2.971s] Invoked command in '/root/ros2_ws/src/turtle' returned '0': PYTHONPATH=/root/ros2_ws/build/turtle/prefix_override:/root/ros2_ws/install/turtle/lib/python3.10/site-packages:${PYTHONPATH} /usr/bin/python3 -W ignore:setup.py install is deprecated setup.py egg_info --egg-base ../../build/turtle build --build-base /root/ros2_ws/build/turtle/build install --record /root/ros2_ws/build/turtle/install.log --single-version-externally-managed install_data
