[1.470s] Invoking command in '/root/ros2_ws/src/turtle': PYTHONPATH=/root/ros2_ws/build/turtle/prefix_override:/root/ros2_ws/install/turtle/lib/python3.10/site-packages:${PYTHONPATH} /usr/bin/python3 -W ignore:setup.py install is deprecated setup.py egg_info --egg-base ../../build/turtle build --build-base /root/ros2_ws/build/turtle/build install --record /root/ros2_ws/build/turtle/install.log --single-version-externally-managed install_data
[1.918s] running egg_info
[1.920s] writing ../../build/turtle/turtle.egg-info/PKG-INFO
[1.921s] writing dependency_links to ../../build/turtle/turtle.egg-info/dependency_links.txt
[1.921s] writing entry points to ../../build/turtle/turtle.egg-info/entry_points.txt
[1.922s] writing requirements to ../../build/turtle/turtle.egg-info/requires.txt
[1.922s] writing top-level names to ../../build/turtle/turtle.egg-info/top_level.txt
[1.925s] reading manifest file '../../build/turtle/turtle.egg-info/SOURCES.txt'
[1.927s] writing manifest file '../../build/turtle/turtle.egg-info/SOURCES.txt'
[1.927s] running build
[1.927s] running build_py
[1.928s] copying turtle/turtle_node.py -> /root/ros2_ws/build/turtle/build/lib/turtle
[1.928s] running install
[1.928s] running install_lib
[1.930s] copying /root/ros2_ws/build/turtle/build/lib/turtle/turtle_node.py -> /root/ros2_ws/install/turtle/lib/python3.10/site-packages/turtle
[1.932s] byte-compiling /root/ros2_ws/install/turtle/lib/python3.10/site-packages/turtle/turtle_node.py to turtle_node.cpython-310.pyc
[1.934s] running install_data
[1.935s] running install_egg_info
[1.938s] removing '/root/ros2_ws/install/turtle/lib/python3.10/site-packages/turtle-0.0.0-py3.10.egg-info' (and everything under it)
[1.939s] Copying ../../build/turtle/turtle.egg-info to /root/ros2_ws/install/turtle/lib/python3.10/site-packages/turtle-0.0.0-py3.10.egg-info
[1.942s] running install_scripts
[1.992s] Installing turtle_node script to /root/ros2_ws/install/turtle/lib/turtle
[1.993s] writing list of installed files to '/root/ros2_ws/build/turtle/install.log'
[2.034s] Invoked command in '/root/ros2_ws/src/turtle' returned '0': PYTHONPATH=/root/ros2_ws/build/turtle/prefix_override:/root/ros2_ws/install/turtle/lib/python3.10/site-packages:${PYTHONPATH} /usr/bin/python3 -W ignore:setup.py install is deprecated setup.py egg_info --egg-base ../../build/turtle build --build-base /root/ros2_ws/build/turtle/build install --record /root/ros2_ws/build/turtle/install.log --single-version-externally-managed install_data
