[1.708s] Invoking command in '/root/ros2_ws/src/turtle': PYTHONPATH=/root/ros2_ws/build/turtle/prefix_override:/root/ros2_ws/install/turtle/lib/python3.10/site-packages:${PYTHONPATH} /usr/bin/python3 -W ignore:setup.py install is deprecated setup.py egg_info --egg-base ../../build/turtle build --build-base /root/ros2_ws/build/turtle/build install --record /root/ros2_ws/build/turtle/install.log --single-version-externally-managed install_data
[2.469s] running egg_info
[2.475s] writing ../../build/turtle/turtle.egg-info/PKG-INFO
[2.476s] writing dependency_links to ../../build/turtle/turtle.egg-info/dependency_links.txt
[2.477s] writing entry points to ../../build/turtle/turtle.egg-info/entry_points.txt
[2.477s] writing requirements to ../../build/turtle/turtle.egg-info/requires.txt
[2.478s] writing top-level names to ../../build/turtle/turtle.egg-info/top_level.txt
[2.491s] reading manifest file '../../build/turtle/turtle.egg-info/SOURCES.txt'
[2.496s] writing manifest file '../../build/turtle/turtle.egg-info/SOURCES.txt'
[2.496s] running build
[2.497s] running build_py
[2.497s] running install
[2.498s] running install_lib
[2.514s] running install_data
[2.514s] running install_egg_info
[2.519s] removing '/root/ros2_ws/install/turtle/lib/python3.10/site-packages/turtle-0.0.0-py3.10.egg-info' (and everything under it)
[2.520s] Copying ../../build/turtle/turtle.egg-info to /root/ros2_ws/install/turtle/lib/python3.10/site-packages/turtle-0.0.0-py3.10.egg-info
[2.529s] running install_scripts
[2.686s] Installing turtle_node script to /root/ros2_ws/install/turtle/lib/turtle
[2.687s] writing list of installed files to '/root/ros2_ws/build/turtle/install.log'
[2.764s] Invoked command in '/root/ros2_ws/src/turtle' returned '0': PYTHONPATH=/root/ros2_ws/build/turtle/prefix_override:/root/ros2_ws/install/turtle/lib/python3.10/site-packages:${PYTHONPATH} /usr/bin/python3 -W ignore:setup.py install is deprecated setup.py egg_info --egg-base ../../build/turtle build --build-base /root/ros2_ws/build/turtle/build install --record /root/ros2_ws/build/turtle/install.log --single-version-externally-managed install_data
