[0.811s] Invoking command in '/root/ros2_ws/src/turtle': PYTHONPATH=/root/ros2_ws/build/turtle/prefix_override:/root/ros2_ws/install/turtle/lib/python3.10/site-packages:${PYTHONPATH} /usr/bin/python3 -W ignore:setup.py install is deprecated setup.py egg_info --egg-base ../../build/turtle build --build-base /root/ros2_ws/build/turtle/build install --record /root/ros2_ws/build/turtle/install.log --single-version-externally-managed install_data
[1.113s] running egg_info
[1.113s] writing ../../build/turtle/turtle.egg-info/PKG-INFO
[1.114s] writing dependency_links to ../../build/turtle/turtle.egg-info/dependency_links.txt
[1.114s] writing entry points to ../../build/turtle/turtle.egg-info/entry_points.txt
[1.114s] writing requirements to ../../build/turtle/turtle.egg-info/requires.txt
[1.114s] writing top-level names to ../../build/turtle/turtle.egg-info/top_level.txt
[1.117s] reading manifest file '../../build/turtle/turtle.egg-info/SOURCES.txt'
[1.118s] writing manifest file '../../build/turtle/turtle.egg-info/SOURCES.txt'
[1.118s] running build
[1.118s] running build_py
[1.118s] copying turtle/turtle_node.py -> /root/ros2_ws/build/turtle/build/lib/turtle
[1.124s] running install
[1.124s] running install_lib
[1.126s] copying /root/ros2_ws/build/turtle/build/lib/turtle/turtle_node.py -> /root/ros2_ws/install/turtle/lib/python3.10/site-packages/turtle
[1.126s] byte-compiling /root/ros2_ws/install/turtle/lib/python3.10/site-packages/turtle/turtle_node.py to turtle_node.cpython-310.pyc
[1.128s] running install_data
[1.128s] running install_egg_info
[1.131s] removing '/root/ros2_ws/install/turtle/lib/python3.10/site-packages/turtle-0.0.0-py3.10.egg-info' (and everything under it)
[1.132s] Copying ../../build/turtle/turtle.egg-info to /root/ros2_ws/install/turtle/lib/python3.10/site-packages/turtle-0.0.0-py3.10.egg-info
[1.137s] running install_scripts
[1.165s] Installing turtle_node script to /root/ros2_ws/install/turtle/lib/turtle
[1.166s] writing list of installed files to '/root/ros2_ws/build/turtle/install.log'
[1.198s] Invoked command in '/root/ros2_ws/src/turtle' returned '0': PYTHONPATH=/root/ros2_ws/build/turtle/prefix_override:/root/ros2_ws/install/turtle/lib/python3.10/site-packages:${PYTHONPATH} /usr/bin/python3 -W ignore:setup.py install is deprecated setup.py egg_info --egg-base ../../build/turtle build --build-base /root/ros2_ws/build/turtle/build install --record /root/ros2_ws/build/turtle/install.log --single-version-externally-managed install_data
