[8.306s] Invoking command in '/root/ros2_ws/src/turtle': PYTHONPATH=/root/ros2_ws/build/turtle/prefix_override:/root/ros2_ws/install/turtle/lib/python3.10/site-packages:${PYTHONPATH} /usr/bin/python3 -W ignore:setup.py install is deprecated setup.py egg_info --egg-base ../../build/turtle build --build-base /root/ros2_ws/build/turtle/build install --record /root/ros2_ws/build/turtle/install.log --single-version-externally-managed install_data
[11.677s] running egg_info
[11.682s] writing ../../build/turtle/turtle.egg-info/PKG-INFO
[11.684s] writing dependency_links to ../../build/turtle/turtle.egg-info/dependency_links.txt
[11.686s] writing entry points to ../../build/turtle/turtle.egg-info/entry_points.txt
[11.687s] writing requirements to ../../build/turtle/turtle.egg-info/requires.txt
[11.688s] writing top-level names to ../../build/turtle/turtle.egg-info/top_level.txt
[11.704s] reading manifest file '../../build/turtle/turtle.egg-info/SOURCES.txt'
[11.709s] writing manifest file '../../build/turtle/turtle.egg-info/SOURCES.txt'
[11.711s] running build
[11.711s] running build_py
[11.712s] copying turtle/turtle_node.py -> /root/ros2_ws/build/turtle/build/lib/turtle
[11.721s] running install
[11.723s] running install_lib
[11.728s] copying /root/ros2_ws/build/turtle/build/lib/turtle/turtle_node.py -> /root/ros2_ws/install/turtle/lib/python3.10/site-packages/turtle
[11.737s] byte-compiling /root/ros2_ws/install/turtle/lib/python3.10/site-packages/turtle/turtle_node.py to turtle_node.cpython-310.pyc
[11.769s] running install_data
[11.770s] running install_egg_info
[11.794s] removing '/root/ros2_ws/install/turtle/lib/python3.10/site-packages/turtle-0.0.0-py3.10.egg-info' (and everything under it)
[11.806s] Copying ../../build/turtle/turtle.egg-info to /root/ros2_ws/install/turtle/lib/python3.10/site-packages/turtle-0.0.0-py3.10.egg-info
[11.830s] running install_scripts
[12.160s] Installing turtle_node script to /root/ros2_ws/install/turtle/lib/turtle
[12.162s] writing list of installed files to '/root/ros2_ws/build/turtle/install.log'
[12.427s] Invoked command in '/root/ros2_ws/src/turtle' returned '0': PYTHONPATH=/root/ros2_ws/build/turtle/prefix_override:/root/ros2_ws/install/turtle/lib/python3.10/site-packages:${PYTHONPATH} /usr/bin/python3 -W ignore:setup.py install is deprecated setup.py egg_info --egg-base ../../build/turtle build --build-base /root/ros2_ws/build/turtle/build install --record /root/ros2_ws/build/turtle/install.log --single-version-externally-managed install_data
