[3.994s] Invoking command in '/root/ros2_ws/src/turtle': PYTHONPATH=/root/ros2_ws/build/turtle/prefix_override:/root/ros2_ws/install/turtle/lib/python3.10/site-packages:${PYTHONPATH} /usr/bin/python3 -W ignore:setup.py install is deprecated setup.py egg_info --egg-base ../../build/turtle build --build-base /root/ros2_ws/build/turtle/build install --record /root/ros2_ws/build/turtle/install.log --single-version-externally-managed install_data
[6.043s] running egg_info
[6.045s] writing ../../build/turtle/turtle.egg-info/PKG-INFO
[6.045s] writing dependency_links to ../../build/turtle/turtle.egg-info/dependency_links.txt
[6.046s] writing entry points to ../../build/turtle/turtle.egg-info/entry_points.txt
[6.047s] writing requirements to ../../build/turtle/turtle.egg-info/requires.txt
[6.057s] writing top-level names to ../../build/turtle/turtle.egg-info/top_level.txt
[6.076s] reading manifest file '../../build/turtle/turtle.egg-info/SOURCES.txt'
[6.091s] writing manifest file '../../build/turtle/turtle.egg-info/SOURCES.txt'
[6.091s] running build
[6.091s] running build_py
[6.093s] copying turtle/turtle_node.py -> /root/ros2_ws/build/turtle/build/lib/turtle
[6.094s] running install
[6.096s] running install_lib
[6.111s] copying /root/ros2_ws/build/turtle/build/lib/turtle/turtle_node.py -> /root/ros2_ws/install/turtle/lib/python3.10/site-packages/turtle
[6.124s] byte-compiling /root/ros2_ws/install/turtle/lib/python3.10/site-packages/turtle/turtle_node.py to turtle_node.cpython-310.pyc
[6.214s] running install_data
[6.215s] running install_egg_info
[6.221s] removing '/root/ros2_ws/install/turtle/lib/python3.10/site-packages/turtle-0.0.0-py3.10.egg-info' (and everything under it)
[6.222s] Copying ../../build/turtle/turtle.egg-info to /root/ros2_ws/install/turtle/lib/python3.10/site-packages/turtle-0.0.0-py3.10.egg-info
[6.245s] running install_scripts
[6.419s] Installing turtle_node script to /root/ros2_ws/install/turtle/lib/turtle
[6.420s] writing list of installed files to '/root/ros2_ws/build/turtle/install.log'
[6.562s] Invoked command in '/root/ros2_ws/src/turtle' returned '0': PYTHONPATH=/root/ros2_ws/build/turtle/prefix_override:/root/ros2_ws/install/turtle/lib/python3.10/site-packages:${PYTHONPATH} /usr/bin/python3 -W ignore:setup.py install is deprecated setup.py egg_info --egg-base ../../build/turtle build --build-base /root/ros2_ws/build/turtle/build install --record /root/ros2_ws/build/turtle/install.log --single-version-externally-managed install_data
