[4.334s] Invoking command in '/root/ros2_ws/src/turtle': PYTHONPATH=/root/ros2_ws/build/turtle/prefix_override:/root/ros2_ws/install/turtle/lib/python3.10/site-packages:${PYTHONPATH} /usr/bin/python3 -W ignore:setup.py install is deprecated setup.py egg_info --egg-base ../../build/turtle build --build-base /root/ros2_ws/build/turtle/build install --record /root/ros2_ws/build/turtle/install.log --single-version-externally-managed install_data
[5.614s] running egg_info
[5.616s] writing ../../build/turtle/turtle.egg-info/PKG-INFO
[5.618s] writing dependency_links to ../../build/turtle/turtle.egg-info/dependency_links.txt
[5.619s] writing entry points to ../../build/turtle/turtle.egg-info/entry_points.txt
[5.620s] writing requirements to ../../build/turtle/turtle.egg-info/requires.txt
[5.622s] writing top-level names to ../../build/turtle/turtle.egg-info/top_level.txt
[5.636s] reading manifest file '../../build/turtle/turtle.egg-info/SOURCES.txt'
[5.652s] writing manifest file '../../build/turtle/turtle.egg-info/SOURCES.txt'
[5.653s] running build
[5.653s] running build_py
[5.654s] copying turtle/turtle_node.py -> /root/ros2_ws/build/turtle/build/lib/turtle
[5.654s] running install
[5.654s] running install_lib
[5.670s] copying /root/ros2_ws/build/turtle/build/lib/turtle/turtle_node.py -> /root/ros2_ws/install/turtle/lib/python3.10/site-packages/turtle
[5.681s] byte-compiling /root/ros2_ws/install/turtle/lib/python3.10/site-packages/turtle/turtle_node.py to turtle_node.cpython-310.pyc
[5.689s] running install_data
[5.689s] running install_egg_info
[5.702s] removing '/root/ros2_ws/install/turtle/lib/python3.10/site-packages/turtle-0.0.0-py3.10.egg-info' (and everything under it)
[5.713s] Copying ../../build/turtle/turtle.egg-info to /root/ros2_ws/install/turtle/lib/python3.10/site-packages/turtle-0.0.0-py3.10.egg-info
[5.717s] running install_scripts
[5.843s] Installing turtle_node script to /root/ros2_ws/install/turtle/lib/turtle
[5.856s] writing list of installed files to '/root/ros2_ws/build/turtle/install.log'
[6.066s] Invoked command in '/root/ros2_ws/src/turtle' returned '0': PYTHONPATH=/root/ros2_ws/build/turtle/prefix_override:/root/ros2_ws/install/turtle/lib/python3.10/site-packages:${PYTHONPATH} /usr/bin/python3 -W ignore:setup.py install is deprecated setup.py egg_info --egg-base ../../build/turtle build --build-base /root/ros2_ws/build/turtle/build install --record /root/ros2_ws/build/turtle/install.log --single-version-externally-managed install_data
