[1.363s] Invoking command in '/root/ros2_ws/src/turtle': PYTHONPATH=/root/ros2_ws/build/turtle/prefix_override:/root/ros2_ws/install/turtle/lib/python3.10/site-packages:${PYTHONPATH} /usr/bin/python3 -W ignore:setup.py install is deprecated setup.py egg_info --egg-base ../../build/turtle build --build-base /root/ros2_ws/build/turtle/build install --record /root/ros2_ws/build/turtle/install.log --single-version-externally-managed install_data
[1.871s] running egg_info
[1.878s] writing ../../build/turtle/turtle.egg-info/PKG-INFO
[1.879s] writing dependency_links to ../../build/turtle/turtle.egg-info/dependency_links.txt
[1.879s] writing entry points to ../../build/turtle/turtle.egg-info/entry_points.txt
[1.879s] writing requirements to ../../build/turtle/turtle.egg-info/requires.txt
[1.879s] writing top-level names to ../../build/turtle/turtle.egg-info/top_level.txt
[1.883s] reading manifest file '../../build/turtle/turtle.egg-info/SOURCES.txt'
[1.885s] writing manifest file '../../build/turtle/turtle.egg-info/SOURCES.txt'
[1.885s] running build
[1.885s] running build_py
[1.885s] copying turtle/turtle_node.py -> /root/ros2_ws/build/turtle/build/lib/turtle
[1.886s] running install
[1.886s] running install_lib
[1.889s] copying /root/ros2_ws/build/turtle/build/lib/turtle/turtle_node.py -> /root/ros2_ws/install/turtle/lib/python3.10/site-packages/turtle
[1.891s] byte-compiling /root/ros2_ws/install/turtle/lib/python3.10/site-packages/turtle/turtle_node.py to turtle_node.cpython-310.pyc
[1.894s] running install_data
[1.895s] running install_egg_info
[1.898s] removing '/root/ros2_ws/install/turtle/lib/python3.10/site-packages/turtle-0.0.0-py3.10.egg-info' (and everything under it)
[1.899s] Copying ../../build/turtle/turtle.egg-info to /root/ros2_ws/install/turtle/lib/python3.10/site-packages/turtle-0.0.0-py3.10.egg-info
[1.903s] running install_scripts
[1.962s] Installing turtle_node script to /root/ros2_ws/install/turtle/lib/turtle
[1.963s] writing list of installed files to '/root/ros2_ws/build/turtle/install.log'
[2.006s] Invoked command in '/root/ros2_ws/src/turtle' returned '0': PYTHONPATH=/root/ros2_ws/build/turtle/prefix_override:/root/ros2_ws/install/turtle/lib/python3.10/site-packages:${PYTHONPATH} /usr/bin/python3 -W ignore:setup.py install is deprecated setup.py egg_info --egg-base ../../build/turtle build --build-base /root/ros2_ws/build/turtle/build install --record /root/ros2_ws/build/turtle/install.log --single-version-externally-managed install_data
