[4.632s] Invoking command in '/root/ros2_ws/src/turtle': PYTHONPATH=/root/ros2_ws/build/turtle/prefix_override:/root/ros2_ws/install/turtle/lib/python3.10/site-packages:${PYTHONPATH} /usr/bin/python3 -W ignore:setup.py install is deprecated setup.py egg_info --egg-base ../../build/turtle build --build-base /root/ros2_ws/build/turtle/build install --record /root/ros2_ws/build/turtle/install.log --single-version-externally-managed install_data
[6.439s] running egg_info
[6.453s] writing ../../build/turtle/turtle.egg-info/PKG-INFO
[6.496s] writing dependency_links to ../../build/turtle/turtle.egg-info/dependency_links.txt
[6.497s] writing entry points to ../../build/turtle/turtle.egg-info/entry_points.txt
[6.518s] writing requirements to ../../build/turtle/turtle.egg-info/requires.txt
[6.520s] writing top-level names to ../../build/turtle/turtle.egg-info/top_level.txt
[6.540s] reading manifest file '../../build/turtle/turtle.egg-info/SOURCES.txt'
[6.555s] writing manifest file '../../build/turtle/turtle.egg-info/SOURCES.txt'
[6.557s] running build
[6.558s] running build_py
[6.559s] copying turtle/turtle_node.py -> /root/ros2_ws/build/turtle/build/lib/turtle
[6.561s] running install
[6.562s] running install_lib
[6.576s] copying /root/ros2_ws/build/turtle/build/lib/turtle/turtle_node.py -> /root/ros2_ws/install/turtle/lib/python3.10/site-packages/turtle
[6.580s] byte-compiling /root/ros2_ws/install/turtle/lib/python3.10/site-packages/turtle/turtle_node.py to turtle_node.cpython-310.pyc
[6.628s] running install_data
[6.630s] running install_egg_info
[6.661s] removing '/root/ros2_ws/install/turtle/lib/python3.10/site-packages/turtle-0.0.0-py3.10.egg-info' (and everything under it)
[6.673s] Copying ../../build/turtle/turtle.egg-info to /root/ros2_ws/install/turtle/lib/python3.10/site-packages/turtle-0.0.0-py3.10.egg-info
[6.680s] running install_scripts
[7.054s] Installing turtle_node script to /root/ros2_ws/install/turtle/lib/turtle
[7.057s] writing list of installed files to '/root/ros2_ws/build/turtle/install.log'
[7.294s] Invoked command in '/root/ros2_ws/src/turtle' returned '0': PYTHONPATH=/root/ros2_ws/build/turtle/prefix_override:/root/ros2_ws/install/turtle/lib/python3.10/site-packages:${PYTHONPATH} /usr/bin/python3 -W ignore:setup.py install is deprecated setup.py egg_info --egg-base ../../build/turtle build --build-base /root/ros2_ws/build/turtle/build install --record /root/ros2_ws/build/turtle/install.log --single-version-externally-managed install_data
