[1.771s] Invoking command in '/root/ros2_ws/src/turtle': PYTHONPATH=/root/ros2_ws/build/turtle/prefix_override:/root/ros2_ws/install/turtle/lib/python3.10/site-packages:${PYTHONPATH} /usr/bin/python3 -W ignore:setup.py install is deprecated setup.py egg_info --egg-base ../../build/turtle build --build-base /root/ros2_ws/build/turtle/build install --record /root/ros2_ws/build/turtle/install.log --single-version-externally-managed install_data
[2.315s] running egg_info
[2.322s] writing ../../build/turtle/turtle.egg-info/PKG-INFO
[2.334s] writing dependency_links to ../../build/turtle/turtle.egg-info/dependency_links.txt
[2.335s] writing entry points to ../../build/turtle/turtle.egg-info/entry_points.txt
[2.338s] writing requirements to ../../build/turtle/turtle.egg-info/requires.txt
[2.340s] writing top-level names to ../../build/turtle/turtle.egg-info/top_level.txt
[2.345s] reading manifest file '../../build/turtle/turtle.egg-info/SOURCES.txt'
[2.361s] writing manifest file '../../build/turtle/turtle.egg-info/SOURCES.txt'
[2.364s] running build
[2.364s] running build_py
[2.364s] copying turtle/turtle_node.py -> /root/ros2_ws/build/turtle/build/lib/turtle
[2.364s] running install
[2.365s] running install_lib
[2.365s] copying /root/ros2_ws/build/turtle/build/lib/turtle/turtle_node.py -> /root/ros2_ws/install/turtle/lib/python3.10/site-packages/turtle
[2.365s] byte-compiling /root/ros2_ws/install/turtle/lib/python3.10/site-packages/turtle/turtle_node.py to turtle_node.cpython-310.pyc
[2.366s] running install_data
[2.375s] running install_egg_info
[2.383s] removing '/root/ros2_ws/install/turtle/lib/python3.10/site-packages/turtle-0.0.0-py3.10.egg-info' (and everything under it)
[2.390s] Copying ../../build/turtle/turtle.egg-info to /root/ros2_ws/install/turtle/lib/python3.10/site-packages/turtle-0.0.0-py3.10.egg-info
[2.392s] running install_scripts
[2.449s] Installing turtle_node script to /root/ros2_ws/install/turtle/lib/turtle
[2.449s] writing list of installed files to '/root/ros2_ws/build/turtle/install.log'
[2.514s] Invoked command in '/root/ros2_ws/src/turtle' returned '0': PYTHONPATH=/root/ros2_ws/build/turtle/prefix_override:/root/ros2_ws/install/turtle/lib/python3.10/site-packages:${PYTHONPATH} /usr/bin/python3 -W ignore:setup.py install is deprecated setup.py egg_info --egg-base ../../build/turtle build --build-base /root/ros2_ws/build/turtle/build install --record /root/ros2_ws/build/turtle/install.log --single-version-externally-managed install_data
