[1.405s] Invoking command in '/root/ros2_ws/src/turtle': PYTHONPATH=/root/ros2_ws/build/turtle/prefix_override:/root/ros2_ws/install/turtle/lib/python3.10/site-packages:${PYTHONPATH} /usr/bin/python3 -W ignore:setup.py install is deprecated setup.py egg_info --egg-base ../../build/turtle build --build-base /root/ros2_ws/build/turtle/build install --record /root/ros2_ws/build/turtle/install.log --single-version-externally-managed install_data
[2.099s] running egg_info
[2.100s] writing ../../build/turtle/turtle.egg-info/PKG-INFO
[2.101s] writing dependency_links to ../../build/turtle/turtle.egg-info/dependency_links.txt
[2.102s] writing entry points to ../../build/turtle/turtle.egg-info/entry_points.txt
[2.102s] writing requirements to ../../build/turtle/turtle.egg-info/requires.txt
[2.104s] writing top-level names to ../../build/turtle/turtle.egg-info/top_level.txt
[2.115s] reading manifest file '../../build/turtle/turtle.egg-info/SOURCES.txt'
[2.117s] writing manifest file '../../build/turtle/turtle.egg-info/SOURCES.txt'
[2.117s] running build
[2.117s] running build_py
[2.119s] running install
[2.119s] running install_lib
[2.135s] running install_data
[2.136s] running install_egg_info
[2.136s] removing '/root/ros2_ws/install/turtle/lib/python3.10/site-packages/turtle-0.0.0-py3.10.egg-info' (and everything under it)
[2.136s] Copying ../../build/turtle/turtle.egg-info to /root/ros2_ws/install/turtle/lib/python3.10/site-packages/turtle-0.0.0-py3.10.egg-info
[2.137s] running install_scripts
[2.207s] Installing turtle_node script to /root/ros2_ws/install/turtle/lib/turtle
[2.208s] writing list of installed files to '/root/ros2_ws/build/turtle/install.log'
[2.259s] Invoked command in '/root/ros2_ws/src/turtle' returned '0': PYTHONPATH=/root/ros2_ws/build/turtle/prefix_override:/root/ros2_ws/install/turtle/lib/python3.10/site-packages:${PYTHONPATH} /usr/bin/python3 -W ignore:setup.py install is deprecated setup.py egg_info --egg-base ../../build/turtle build --build-base /root/ros2_ws/build/turtle/build install --record /root/ros2_ws/build/turtle/install.log --single-version-externally-managed install_data
