[1.168s] DEBUG:colcon:Command line arguments: ['/usr/bin/colcon', 'build']
[1.168s] DEBUG:colcon:Parsed command line arguments: Namespace(log_base=None, log_level=None, verb_name='build', build_base='build', install_base='install', merge_install=False, symlink_install=False, test_result_base=None, continue_on_error=False, executor='parallel', parallel_workers=8, event_handlers=None, ignore_user_meta=False, metas=['./colcon.meta'], base_paths=['.'], packages_ignore=None, packages_ignore_regex=None, paths=None, packages_up_to=None, packages_up_to_regex=None, packages_above=None, packages_above_and_dependencies=None, packages_above_depth=None, packages_select_by_dep=None, packages_skip_by_dep=None, packages_skip_up_to=None, packages_select_build_failed=False, packages_skip_build_finished=False, packages_select_test_failures=False, packages_skip_test_passed=False, packages_select=None, packages_skip=None, packages_select_regex=None, packages_skip_regex=None, packages_start=None, packages_end=None, allow_overriding=[], cmake_args=None, cmake_target=None, cmake_target_skip_unavailable=False, cmake_clean_cache=False, cmake_clean_first=False, cmake_force_configure=False, ament_cmake_args=None, catkin_cmake_args=None, catkin_skip_building_tests=False, verb_parser=<colcon_defaults.argument_parser.defaults.DefaultArgumentsDecorator object at 0x7f9482367a60>, verb_extension=<colcon_core.verb.build.BuildVerb object at 0x7f9482575360>, main=<bound method BuildVerb.main of <colcon_core.verb.build.BuildVerb object at 0x7f9482575360>>)
[1.884s] Level 1:colcon.colcon_core.package_discovery:discover_packages(colcon_meta) check parameters
[1.884s] Level 1:colcon.colcon_core.package_discovery:discover_packages(recursive) check parameters
[1.884s] Level 1:colcon.colcon_core.package_discovery:discover_packages(ignore) check parameters
[1.884s] Level 1:colcon.colcon_core.package_discovery:discover_packages(path) check parameters
[1.884s] Level 1:colcon.colcon_core.package_discovery:discover_packages(colcon_meta) discover
[1.884s] Level 1:colcon.colcon_core.package_discovery:discover_packages(recursive) discover
[1.884s] INFO:colcon.colcon_core.package_discovery:Crawling recursively for packages in '/root/ros2_ws'
[1.885s] Level 1:colcon.colcon_core.package_identification:_identify(.) by extensions ['ignore', 'ignore_ament_install']
[1.885s] Level 1:colcon.colcon_core.package_identification:_identify(.) by extension 'ignore'
[1.885s] Level 1:colcon.colcon_core.package_identification:_identify(.) by extension 'ignore_ament_install'
[1.886s] Level 1:colcon.colcon_core.package_identification:_identify(.) by extensions ['colcon_pkg']
[1.886s] Level 1:colcon.colcon_core.package_identification:_identify(.) by extension 'colcon_pkg'
[1.887s] Level 1:colcon.colcon_core.package_identification:_identify(.) by extensions ['colcon_meta']
[1.887s] Level 1:colcon.colcon_core.package_identification:_identify(.) by extension 'colcon_meta'
[1.887s] Level 1:colcon.colcon_core.package_identification:_identify(.) by extensions ['ros']
[1.887s] Level 1:colcon.colcon_core.package_identification:_identify(.) by extension 'ros'
[1.922s] Level 1:colcon.colcon_core.package_identification:_identify(.) by extensions ['cmake', 'python']
[1.923s] Level 1:colcon.colcon_core.package_identification:_identify(.) by extension 'cmake'
[1.923s] Level 1:colcon.colcon_core.package_identification:_identify(.) by extension 'python'
[1.923s] Level 1:colcon.colcon_core.package_identification:_identify(.) by extensions ['python_setup_py']
[1.923s] Level 1:colcon.colcon_core.package_identification:_identify(.) by extension 'python_setup_py'
[1.923s] Level 1:colcon.colcon_core.package_identification:_identify(build) by extensions ['ignore', 'ignore_ament_install']
[1.924s] Level 1:colcon.colcon_core.package_identification:_identify(build) by extension 'ignore'
[1.924s] Level 1:colcon.colcon_core.package_identification:_identify(build) ignored
[1.925s] Level 1:colcon.colcon_core.package_identification:_identify(install) by extensions ['ignore', 'ignore_ament_install']
[1.925s] Level 1:colcon.colcon_core.package_identification:_identify(install) by extension 'ignore'
[1.925s] Level 1:colcon.colcon_core.package_identification:_identify(install) ignored
[1.926s] Level 1:colcon.colcon_core.package_identification:_identify(log) by extensions ['ignore', 'ignore_ament_install']
[1.926s] Level 1:colcon.colcon_core.package_identification:_identify(log) by extension 'ignore'
[1.926s] Level 1:colcon.colcon_core.package_identification:_identify(log) ignored
[1.926s] Level 1:colcon.colcon_core.package_identification:_identify(other) by extensions ['ignore', 'ignore_ament_install']
[1.926s] Level 1:colcon.colcon_core.package_identification:_identify(other) by extension 'ignore'
[1.926s] Level 1:colcon.colcon_core.package_identification:_identify(other) by extension 'ignore_ament_install'
[1.927s] Level 1:colcon.colcon_core.package_identification:_identify(other) by extensions ['colcon_pkg']
[1.927s] Level 1:colcon.colcon_core.package_identification:_identify(other) by extension 'colcon_pkg'
[1.927s] Level 1:colcon.colcon_core.package_identification:_identify(other) by extensions ['colcon_meta']
[1.927s] Level 1:colcon.colcon_core.package_identification:_identify(other) by extension 'colcon_meta'
[1.927s] Level 1:colcon.colcon_core.package_identification:_identify(other) by extensions ['ros']
[1.927s] Level 1:colcon.colcon_core.package_identification:_identify(other) by extension 'ros'
[1.927s] Level 1:colcon.colcon_core.package_identification:_identify(other) by extensions ['cmake', 'python']
[1.927s] Level 1:colcon.colcon_core.package_identification:_identify(other) by extension 'cmake'
[1.927s] Level 1:colcon.colcon_core.package_identification:_identify(other) by extension 'python'
[1.927s] Level 1:colcon.colcon_core.package_identification:_identify(other) by extensions ['python_setup_py']
[1.927s] Level 1:colcon.colcon_core.package_identification:_identify(other) by extension 'python_setup_py'
[1.928s] Level 1:colcon.colcon_core.package_identification:_identify(src) by extensions ['ignore', 'ignore_ament_install']
[1.928s] Level 1:colcon.colcon_core.package_identification:_identify(src) by extension 'ignore'
[1.928s] Level 1:colcon.colcon_core.package_identification:_identify(src) by extension 'ignore_ament_install'
[1.928s] Level 1:colcon.colcon_core.package_identification:_identify(src) by extensions ['colcon_pkg']
[1.928s] Level 1:colcon.colcon_core.package_identification:_identify(src) by extension 'colcon_pkg'
[1.928s] Level 1:colcon.colcon_core.package_identification:_identify(src) by extensions ['colcon_meta']
[1.928s] Level 1:colcon.colcon_core.package_identification:_identify(src) by extension 'colcon_meta'
[1.928s] Level 1:colcon.colcon_core.package_identification:_identify(src) by extensions ['ros']
[1.928s] Level 1:colcon.colcon_core.package_identification:_identify(src) by extension 'ros'
[1.929s] Level 1:colcon.colcon_core.package_identification:_identify(src) by extensions ['cmake', 'python']
[1.929s] Level 1:colcon.colcon_core.package_identification:_identify(src) by extension 'cmake'
[1.929s] Level 1:colcon.colcon_core.package_identification:_identify(src) by extension 'python'
[1.929s] Level 1:colcon.colcon_core.package_identification:_identify(src) by extensions ['python_setup_py']
[1.929s] Level 1:colcon.colcon_core.package_identification:_identify(src) by extension 'python_setup_py'
[1.929s] Level 1:colcon.colcon_core.package_identification:_identify(src/turtle) by extensions ['ignore', 'ignore_ament_install']
[1.930s] Level 1:colcon.colcon_core.package_identification:_identify(src/turtle) by extension 'ignore'
[1.930s] Level 1:colcon.colcon_core.package_identification:_identify(src/turtle) by extension 'ignore_ament_install'
[1.930s] Level 1:colcon.colcon_core.package_identification:_identify(src/turtle) by extensions ['colcon_pkg']
[1.930s] Level 1:colcon.colcon_core.package_identification:_identify(src/turtle) by extension 'colcon_pkg'
[1.930s] Level 1:colcon.colcon_core.package_identification:_identify(src/turtle) by extensions ['colcon_meta']
[1.930s] Level 1:colcon.colcon_core.package_identification:_identify(src/turtle) by extension 'colcon_meta'
[1.931s] Level 1:colcon.colcon_core.package_identification:_identify(src/turtle) by extensions ['ros']
[1.931s] Level 1:colcon.colcon_core.package_identification:_identify(src/turtle) by extension 'ros'
[1.937s] DEBUG:colcon.colcon_core.package_identification:Package 'src/turtle' with type 'ros.ament_python' and name 'turtle'
[1.937s] Level 1:colcon.colcon_core.package_discovery:discover_packages(recursive) using defaults
[1.937s] Level 1:colcon.colcon_core.package_discovery:discover_packages(ignore) discover
[1.938s] Level 1:colcon.colcon_core.package_discovery:discover_packages(ignore) using defaults
[1.938s] Level 1:colcon.colcon_core.package_discovery:discover_packages(path) discover
[1.938s] Level 1:colcon.colcon_core.package_discovery:discover_packages(path) using defaults
[1.994s] Level 1:colcon.colcon_core.package_discovery:discover_packages(prefix_path) check parameters
[1.994s] Level 1:colcon.colcon_core.package_discovery:discover_packages(prefix_path) discover
[1.997s] WARNING:colcon.colcon_core.prefix_path.colcon:The path '/root/ros2_ws/src/install' in the environment variable COLCON_PREFIX_PATH doesn't exist
[1.998s] WARNING:colcon.colcon_ros.prefix_path.ament:The path '/root/ros2_ws/install/demo' in the environment variable AMENT_PREFIX_PATH doesn't exist
[1.998s] WARNING:colcon.colcon_ros.prefix_path.ament:The path '/root/ros2_ws/src/install/turtle_catcher' in the environment variable AMENT_PREFIX_PATH doesn't exist
[1.998s] WARNING:colcon.colcon_ros.prefix_path.ament:The path '/root/ros2_ws/install/turtle_catcher' in the environment variable AMENT_PREFIX_PATH doesn't exist
[1.999s] WARNING:colcon.colcon_ros.prefix_path.catkin:The path '/root/ros2_ws/install/demo' in the environment variable CMAKE_PREFIX_PATH doesn't exist
[1.999s] WARNING:colcon.colcon_ros.prefix_path.catkin:The path '/root/ros2_ws/install/turtle_catcher' in the environment variable CMAKE_PREFIX_PATH doesn't exist
[2.001s] DEBUG:colcon.colcon_installed_package_information.package_discovery:Found 1 installed packages in /root/ros2_ws/install
[2.006s] DEBUG:colcon.colcon_installed_package_information.package_discovery:Found 270 installed packages in /opt/ros/humble
[2.014s] Level 1:colcon.colcon_core.package_discovery:discover_packages(prefix_path) using defaults
[2.210s] Level 5:colcon.colcon_core.verb:set package 'turtle' build argument 'cmake_args' from command line to 'None'
[2.211s] Level 5:colcon.colcon_core.verb:set package 'turtle' build argument 'cmake_target' from command line to 'None'
[2.212s] Level 5:colcon.colcon_core.verb:set package 'turtle' build argument 'cmake_target_skip_unavailable' from command line to 'False'
[2.213s] Level 5:colcon.colcon_core.verb:set package 'turtle' build argument 'cmake_clean_cache' from command line to 'False'
[2.214s] Level 5:colcon.colcon_core.verb:set package 'turtle' build argument 'cmake_clean_first' from command line to 'False'
[2.214s] Level 5:colcon.colcon_core.verb:set package 'turtle' build argument 'cmake_force_configure' from command line to 'False'
[2.214s] Level 5:colcon.colcon_core.verb:set package 'turtle' build argument 'ament_cmake_args' from command line to 'None'
[2.214s] Level 5:colcon.colcon_core.verb:set package 'turtle' build argument 'catkin_cmake_args' from command line to 'None'
[2.215s] Level 5:colcon.colcon_core.verb:set package 'turtle' build argument 'catkin_skip_building_tests' from command line to 'False'
[2.215s] DEBUG:colcon.colcon_core.verb:Building package 'turtle' with the following arguments: {'ament_cmake_args': None, 'build_base': '/root/ros2_ws/build/turtle', 'catkin_cmake_args': None, 'catkin_skip_building_tests': False, 'cmake_args': None, 'cmake_clean_cache': False, 'cmake_clean_first': False, 'cmake_force_configure': False, 'cmake_target': None, 'cmake_target_skip_unavailable': False, 'install_base': '/root/ros2_ws/install/turtle', 'merge_install': False, 'path': '/root/ros2_ws/src/turtle', 'symlink_install': False, 'test_result_base': None}
[2.217s] INFO:colcon.colcon_core.executor:Executing jobs using 'parallel' executor
[2.219s] DEBUG:colcon.colcon_parallel_executor.executor.parallel:run_until_complete
[2.220s] INFO:colcon.colcon_ros.task.ament_python.build:Building ROS package in '/root/ros2_ws/src/turtle' with build type 'ament_python'
[2.220s] Level 1:colcon.colcon_core.shell:create_environment_hook('turtle', 'ament_prefix_path')
[2.229s] INFO:colcon.colcon_core.plugin_system:Skipping extension 'colcon_core.shell.bat': Not used on non-Windows systems
[2.229s] INFO:colcon.colcon_core.shell:Creating environment hook '/root/ros2_ws/install/turtle/share/turtle/hook/ament_prefix_path.ps1'
[2.235s] INFO:colcon.colcon_core.shell:Creating environment descriptor '/root/ros2_ws/install/turtle/share/turtle/hook/ament_prefix_path.dsv'
[2.236s] INFO:colcon.colcon_core.shell:Creating environment hook '/root/ros2_ws/install/turtle/share/turtle/hook/ament_prefix_path.sh'
[2.239s] INFO:colcon.colcon_core.shell:Skip shell extension 'powershell' for command environment: Not usable outside of PowerShell
[2.239s] DEBUG:colcon.colcon_core.shell:Skip shell extension 'dsv' for command environment
[3.215s] INFO:colcon.colcon_core.task.python.build:Building Python package in '/root/ros2_ws/src/turtle'
[3.216s] INFO:colcon.colcon_core.shell:Skip shell extension 'powershell' for command environment: Not usable outside of PowerShell
[3.216s] DEBUG:colcon.colcon_core.shell:Skip shell extension 'dsv' for command environment
[4.010s] DEBUG:colcon.colcon_core.event_handler.log_command:Invoking command in '/root/ros2_ws/src/turtle': PYTHONPATH=/root/ros2_ws/build/turtle/prefix_override:/root/ros2_ws/install/turtle/lib/python3.10/site-packages:${PYTHONPATH} /usr/bin/python3 -W ignore:setup.py install is deprecated setup.py egg_info --egg-base ../../build/turtle build --build-base /root/ros2_ws/build/turtle/build install --record /root/ros2_ws/build/turtle/install.log --single-version-externally-managed install_data
[4.746s] DEBUG:colcon.colcon_core.event_handler.log_command:Invoked command in '/root/ros2_ws/src/turtle' returned '0': PYTHONPATH=/root/ros2_ws/build/turtle/prefix_override:/root/ros2_ws/install/turtle/lib/python3.10/site-packages:${PYTHONPATH} /usr/bin/python3 -W ignore:setup.py install is deprecated setup.py egg_info --egg-base ../../build/turtle build --build-base /root/ros2_ws/build/turtle/build install --record /root/ros2_ws/build/turtle/install.log --single-version-externally-managed install_data
[4.749s] Level 1:colcon.colcon_core.environment:checking '/root/ros2_ws/install/turtle' for CMake module files
[4.750s] Level 1:colcon.colcon_core.environment:checking '/root/ros2_ws/install/turtle' for CMake config files
[4.751s] Level 1:colcon.colcon_core.environment:checking '/root/ros2_ws/install/turtle/lib'
[4.751s] Level 1:colcon.colcon_core.environment:checking '/root/ros2_ws/install/turtle/bin'
[4.751s] Level 1:colcon.colcon_core.environment:checking '/root/ros2_ws/install/turtle/lib/pkgconfig/turtle.pc'
[4.752s] Level 1:colcon.colcon_core.environment:checking '/root/ros2_ws/install/turtle/lib/python3.10/site-packages'
[4.752s] Level 1:colcon.colcon_core.shell:create_environment_hook('turtle', 'pythonpath')
[4.752s] INFO:colcon.colcon_core.shell:Creating environment hook '/root/ros2_ws/install/turtle/share/turtle/hook/pythonpath.ps1'
[4.753s] INFO:colcon.colcon_core.shell:Creating environment descriptor '/root/ros2_ws/install/turtle/share/turtle/hook/pythonpath.dsv'
[4.754s] INFO:colcon.colcon_core.shell:Creating environment hook '/root/ros2_ws/install/turtle/share/turtle/hook/pythonpath.sh'
[4.755s] Level 1:colcon.colcon_core.environment:checking '/root/ros2_ws/install/turtle/bin'
[4.756s] Level 1:colcon.colcon_core.environment:create_environment_scripts_only(turtle)
[4.756s] INFO:colcon.colcon_core.shell:Creating package script '/root/ros2_ws/install/turtle/share/turtle/package.ps1'
[4.758s] INFO:colcon.colcon_core.shell:Creating package descriptor '/root/ros2_ws/install/turtle/share/turtle/package.dsv'
[4.760s] INFO:colcon.colcon_core.shell:Creating package script '/root/ros2_ws/install/turtle/share/turtle/package.sh'
[4.762s] INFO:colcon.colcon_core.shell:Creating package script '/root/ros2_ws/install/turtle/share/turtle/package.bash'
[4.764s] INFO:colcon.colcon_core.shell:Creating package script '/root/ros2_ws/install/turtle/share/turtle/package.zsh'
[4.765s] Level 1:colcon.colcon_core.environment:create_file_with_runtime_dependencies(/root/ros2_ws/install/turtle/share/colcon-core/packages/turtle)
[4.766s] DEBUG:colcon.colcon_parallel_executor.executor.parallel:closing loop
[4.767s] DEBUG:colcon.colcon_parallel_executor.executor.parallel:loop closed
[4.767s] DEBUG:colcon.colcon_parallel_executor.executor.parallel:run_until_complete finished with '0'
[4.768s] DEBUG:colcon.colcon_core.event_reactor:joining thread
[4.953s] INFO:colcon.colcon_core.plugin_system:Skipping extension 'colcon_notification.desktop_notification.notify_send': Could not find 'notify-send'
[4.953s] INFO:colcon.colcon_core.plugin_system:Skipping extension 'colcon_notification.desktop_notification.terminal_notifier': Not used on non-Darwin systems
[4.953s] INFO:colcon.colcon_core.plugin_system:Skipping extension 'colcon_notification.desktop_notification.win32': Not used on non-Windows systems
[4.953s] INFO:colcon.colcon_notification.desktop_notification:Sending desktop notification using 'notify2'
[4.954s] DEBUG:colcon.colcon_notification.desktop_notification.notify2:Failed to initialize notify2: org.freedesktop.DBus.Error.FileNotFound: Failed to connect to socket /run/user/0/bus: No such file or directory
[4.954s] DEBUG:colcon.colcon_core.event_reactor:joined thread
[4.955s] INFO:colcon.colcon_core.shell:Creating prefix script '/root/ros2_ws/install/local_setup.ps1'
[4.957s] INFO:colcon.colcon_core.shell:Creating prefix util module '/root/ros2_ws/install/_local_setup_util_ps1.py'
[4.961s] INFO:colcon.colcon_core.shell:Creating prefix chain script '/root/ros2_ws/install/setup.ps1'
[4.964s] INFO:colcon.colcon_core.shell:Creating prefix script '/root/ros2_ws/install/local_setup.sh'
[4.966s] INFO:colcon.colcon_core.shell:Creating prefix util module '/root/ros2_ws/install/_local_setup_util_sh.py'
[4.967s] INFO:colcon.colcon_core.shell:Creating prefix chain script '/root/ros2_ws/install/setup.sh'
[4.969s] INFO:colcon.colcon_core.shell:Creating prefix script '/root/ros2_ws/install/local_setup.bash'
[4.971s] INFO:colcon.colcon_core.shell:Creating prefix chain script '/root/ros2_ws/install/setup.bash'
[4.973s] INFO:colcon.colcon_core.shell:Creating prefix script '/root/ros2_ws/install/local_setup.zsh'
[4.974s] INFO:colcon.colcon_core.shell:Creating prefix chain script '/root/ros2_ws/install/setup.zsh'
