[2.942s] Invoking command in '/root/ros2_ws/src/turtle': PYTHONPATH=/root/ros2_ws/build/turtle/prefix_override:/root/ros2_ws/install/turtle/lib/python3.10/site-packages:${PYTHONPATH} /usr/bin/python3 -W ignore:setup.py install is deprecated setup.py egg_info --egg-base ../../build/turtle build --build-base /root/ros2_ws/build/turtle/build install --record /root/ros2_ws/build/turtle/install.log --single-version-externally-managed install_data
[3.768s] running egg_info
[3.772s] writing ../../build/turtle/turtle.egg-info/PKG-INFO
[3.774s] writing dependency_links to ../../build/turtle/turtle.egg-info/dependency_links.txt
[3.774s] writing entry points to ../../build/turtle/turtle.egg-info/entry_points.txt
[3.775s] writing requirements to ../../build/turtle/turtle.egg-info/requires.txt
[3.776s] writing top-level names to ../../build/turtle/turtle.egg-info/top_level.txt
[3.782s] reading manifest file '../../build/turtle/turtle.egg-info/SOURCES.txt'
[3.786s] writing manifest file '../../build/turtle/turtle.egg-info/SOURCES.txt'
[3.787s] running build
[3.787s] running build_py
[3.788s] copying turtle/turtle_node.py -> /root/ros2_ws/build/turtle/build/lib/turtle
[3.790s] running install
[3.791s] running install_lib
[3.794s] copying /root/ros2_ws/build/turtle/build/lib/turtle/turtle_node.py -> /root/ros2_ws/install/turtle/lib/python3.10/site-packages/turtle
[3.796s] byte-compiling /root/ros2_ws/install/turtle/lib/python3.10/site-packages/turtle/turtle_node.py to turtle_node.cpython-310.pyc
[3.801s] running install_data
[3.802s] running install_egg_info
[3.809s] removing '/root/ros2_ws/install/turtle/lib/python3.10/site-packages/turtle-0.0.0-py3.10.egg-info' (and everything under it)
[3.810s] Copying ../../build/turtle/turtle.egg-info to /root/ros2_ws/install/turtle/lib/python3.10/site-packages/turtle-0.0.0-py3.10.egg-info
[3.816s] running install_scripts
[3.896s] Installing turtle_node script to /root/ros2_ws/install/turtle/lib/turtle
[3.897s] writing list of installed files to '/root/ros2_ws/build/turtle/install.log'
[3.976s] Invoked command in '/root/ros2_ws/src/turtle' returned '0': PYTHONPATH=/root/ros2_ws/build/turtle/prefix_override:/root/ros2_ws/install/turtle/lib/python3.10/site-packages:${PYTHONPATH} /usr/bin/python3 -W ignore:setup.py install is deprecated setup.py egg_info --egg-base ../../build/turtle build --build-base /root/ros2_ws/build/turtle/build install --record /root/ros2_ws/build/turtle/install.log --single-version-externally-managed install_data
